#Deleted in new
chr3	127304121	127304685	Peak_2
#Deleted in new
chr20	25237773	25238200	Peak_4
#Deleted in new
chr20	47334134	47334479	Peak_12
#Deleted in new
chr8	141257496	141257964	Peak_16
#Deleted in new
chr14	75535874	75536261	Peak_21
#Deleted in new
chr10	46524634	46524999	Peak_38
#Deleted in new
chr16	86951865	86952314	Peak_41
#Deleted in new
chr2	9699424	9699736	Peak_42
#Deleted in new
chr8	123405511	123405938	Peak_45
#Deleted in new
chr2	85708686	85709085	Peak_56
#Deleted in new
chr12	8618195	8618578	Peak_62
#Deleted in new
chr10	47701296	47701652	Peak_66
#Deleted in new
chr10	5009130	5009465	Peak_73
#Deleted in new
chr3	87247252	87247598	Peak_76
#Deleted in new
chr7	158863795	158864186	Peak_77
#Deleted in new
chr6	25006484	25006793	Peak_81
#Deleted in new
chr8	61657201	61657603	Peak_86
#Deleted in new
chr4	141565534	141565889	Peak_88
#Deleted in new
chr13	98129355	98129732	Peak_90
#Deleted in new
chr2	28951963	28952297	Peak_91
#Deleted in new
chr15	70271426	70272040	Peak_94
#Deleted in new
chr16	10520464	10520831	Peak_97
#Deleted in new
chr8	17907389	17907933	Peak_102
#Deleted in new
chr16	81604891	81605263	Peak_106
#Deleted in new
chr12	115840162	115840491	Peak_108
#Deleted in new
chr15	71752942	71753282	Peak_109
#Deleted in new
chr19	45154381	45154766	Peak_112
#Deleted in new
chr21	43343016	43343430	Peak_125
#Deleted in new
chr5	82148215	82148512	Peak_132
#Deleted in new
chr19	8355616	8355969	Peak_141
#Deleted in new
chr14	49919918	49920300	Peak_146
#Deleted in new
chrX	2182545	2182961	Peak_152
#Deleted in new
chr15	26628144	26628435	Peak_153
#Deleted in new
chr19	44737225	44737502	Peak_157
#Deleted in new
chr15	67954765	67955107	Peak_162
#Duplicated in new
chr19	40920985	40921352	Peak_164
#Deleted in new
chr3	64063471	64063830	Peak_167
#Deleted in new
chr12	32917212	32917544	Peak_174
#Deleted in new
chr10	87162873	87163192	Peak_175
#Deleted in new
chr17	74193000	74193247	Peak_177
#Deleted in new
chr2	84958421	84958853	Peak_182
#Deleted in new
chr4	8099867	8100261	Peak_198
#Deleted in new
chr19	3336721	3337083	Peak_200
#Deleted in new
chr17	82297413	82297673	Peak_204
#Deleted in new
chr14	106846259	106846501	Peak_216
#Deleted in new
chr7	158432924	158433242	Peak_217
#Deleted in new
chr9	83132891	83133157	Peak_223
#Deleted in new
chr16	81584143	81584428	Peak_226
#Deleted in new
chr20	10352391	10352712	Peak_227
#Deleted in new
chr2	188573498	188573766	Peak_236
#Deleted in new
chr11	29094572	29094854	Peak_242
#Deleted in new
chr3	14295816	14296082	Peak_244
#Deleted in new
chrX	123823079	123823357	Peak_246
#Deleted in new
chr13	43045426	43045691	Peak_249
#Deleted in new
chr2	233756847	233757067	Peak_258
#Deleted in new
chr13	110014871	110015153	Peak_261
#Deleted in new
chr4	8101244	8101507	Peak_271
#Deleted in new
chr2	233745427	233745735	Peak_274
#Duplicated in new
chr7	130880757	130881015	Peak_288
#Deleted in new
chr16	11833995	11834530	Peak_291
#Deleted in new
chr20	49790405	49790649	Peak_295
#Deleted in new
chr18	10041176	10041410	Peak_296
#Deleted in new
chr7	95385645	95385916	Peak_305
#Deleted in new
chr6	133609732	133610057	Peak_310
#Deleted in new
chr1	36200127	36200361	Peak_315
#Deleted in new
chr20	9306600	9306820	Peak_318
#Deleted in new
chr18	70372523	70372756	Peak_322
#Deleted in new
chr10	91144935	91145164	Peak_332
#Partially deleted in new
chr20	37990659	37990889	Peak_333
#Deleted in new
chr22	22703686	22703946	Peak_336
#Deleted in new
chr9	88852800	88853128	Peak_338
#Deleted in new
chr12	63918051	63918279	Peak_339
#Deleted in new
chr2	102048493	102048729	Peak_340
#Deleted in new
chr9	114352071	114352314	Peak_341
#Deleted in new
chr1	229844860	229845127	Peak_345
#Deleted in new
chr1	20896896	20897173	Peak_351
#Deleted in new
chr3	129908418	129908683	Peak_353
#Deleted in new
chr20	50721875	50722167	Peak_360
#Duplicated in new
chr6	134630493	134630729	Peak_375
#Deleted in new
chr7	131145191	131145438	Peak_377
#Deleted in new
chr19	3350372	3350654	Peak_379
#Deleted in new
chr2	108193355	108193588	Peak_385
#Deleted in new
chr10	4677719	4678301	Peak_391
#Deleted in new
chr20	50440706	50441139	Peak_393
#Deleted in new
chr7	95436517	95436750	Peak_394
#Duplicated in new
chr1	8190019	8190255	Peak_396
#Deleted in new
chr11	102007599	102007838	Peak_399
#Deleted in new
chr9	110189059	110189300	Peak_402
#Deleted in new
chr19	44695402	44695645	Peak_414
#Deleted in new
chr4	14667973	14668209	Peak_420
#Deleted in new
chr2	121627152	121627457	Peak_422
#Deleted in new
chr1	246617843	246618067	Peak_423
#Deleted in new
chr18	58417892	58418177	Peak_424
#Deleted in new
chr4	8183473	8183780	Peak_425
#Deleted in new
chr2	9001185	9001485	Peak_426
#Deleted in new
chr10	114607411	114607632	Peak_427
#Deleted in new
chr10	60956119	60956411	Peak_428
#Deleted in new
chr10	46640081	46640333	Peak_431
#Deleted in new
chr8	70610460	70610754	Peak_435
#Deleted in new
chr3	188036413	188036633	Peak_441
#Deleted in new
chr1	8174773	8175074	Peak_445
#Deleted in new
chr8	31833561	31833783	Peak_452
#Deleted in new
chr14	52111823	52112068	Peak_453
#Deleted in new
chr1	37461650	37462014	Peak_454
#Deleted in new
chr1	231512359	231512588	Peak_456
#Deleted in new
chr10	57703798	57704022	Peak_458
#Deleted in new
chr7	75732705	75732950	Peak_459
#Deleted in new
chr2	222788208	222788454	Peak_461
#Deleted in new
chr10	131997744	131997978	Peak_466
#Deleted in new
chrX	1700720	1700945	Peak_474
#Deleted in new
chr2	108413010	108413243	Peak_488
#Deleted in new
chr9	120735540	120735794	Peak_491
#Deleted in new
chr15	71747611	71747911	Peak_496
#Deleted in new
chr1	32502008	32502228	Peak_498
#Deleted in new
chr2	195319169	195319404	Peak_503
#Deleted in new
chr10	122101937	122102157	Peak_505
#Deleted in new
chr22	24207985	24208298	Peak_510
#Deleted in new
chr20	47305638	47305866	Peak_511
#Deleted in new
chr20	59826423	59826680	Peak_514
#Deleted in new
chr1	8182235	8182713	Peak_518
#Deleted in new
chr20	47464446	47464666	Peak_522
#Deleted in new
chr7	99827297	99827544	Peak_525
#Deleted in new
chr16	81712053	81712300	Peak_526
#Deleted in new
chr19	3451075	3451309	Peak_527
#Deleted in new
chr7	85733177	85733401	Peak_531
#Deleted in new
chr9	112166321	112166541	Peak_533
#Deleted in new
chr3	183370827	183371117	Peak_535
#Deleted in new
chr2	223230358	223230583	Peak_538
#Deleted in new
chr17	2955028	2955344	Peak_545
#Deleted in new
chr2	107025816	107026044	Peak_548
#Deleted in new
chrX	46566902	46567142	Peak_549
#Deleted in new
chr1	15356160	15356394	Peak_557
#Deleted in new
chr17	77002279	77002499	Peak_569
#Deleted in new
chr18	73692417	73692679	Peak_570
#Deleted in new
chr2	48344157	48344381	Peak_579
#Deleted in new
chr7	158432020	158432259	Peak_581
#Deleted in new
chr7	37666394	37666696	Peak_582
#Deleted in new
chr13	110120479	110120796	Peak_585
#Deleted in new
chr16	15975193	15975450	Peak_597
#Deleted in new
chr8	123689874	123690252	Peak_600
