#Partially deleted in new
chr3	127304037	127304689	Peak_2
#Deleted in new
chr20	25237667	25238363	Peak_3
#Deleted in new
chr14	75535774	75536388	Peak_7
#Deleted in new
chr20	47333993	47334597	Peak_10
#Deleted in new
chr8	141257429	141258071	Peak_16
#Deleted in new
chr2	28951827	28952860	Peak_20
#Deleted in new
chr2	85708593	85709206	Peak_25
#Deleted in new
chr10	46524030	46525132	Peak_26
#Deleted in new
chr14	49919830	49920466	Peak_32
#Deleted in new
chr4	141565331	141566009	Peak_38
#Deleted in new
chr2	84958128	84958976	Peak_46
#Deleted in new
chr6	25006358	25006984	Peak_51
#Deleted in new
chr20	50440508	50441249	Peak_64
#Deleted in new
chr16	86951828	86952633	Peak_68
#Partially deleted in new
chr8	61657083	61657681	Peak_70
#Deleted in new
chr15	71752621	71753511	Peak_76
#Deleted in new
chr9	88852649	88853279	Peak_88
#Deleted in new
chr8	17907164	17908040	Peak_92
#Deleted in new
chr22	22703617	22704132	Peak_101
#Deleted in new
chr7	158431884	158432455	Peak_102
#Deleted in new
chr7	37666102	37666795	Peak_107
#Deleted in new
chr5	82148097	82148612	Peak_108
#Partially deleted in new
chr13	110120280	110120877	Peak_109
#Deleted in new
chr15	26628014	26628506	Peak_113
#Deleted in new
chr8	123405468	123405980	Peak_117
#Deleted in new
chr12	8618098	8618617	Peak_130
#Partially deleted in new
chr6	133609564	133610251	Peak_131
#Deleted in new
chr2	108193172	108193732	Peak_136
#Deleted in new
chr20	47305574	47306083	Peak_138
#Deleted in new
chr7	158863451	158864391	Peak_143
#Deleted in new
chr10	4677509	4678501	Peak_150
#Deleted in new
chr16	10520351	10520981	Peak_155
#Deleted in new
chr16	11833908	11834701	Peak_156
#Deleted in new
chr12	115840030	115840822	Peak_159
#Deleted in new
chr1	8182081	8182810	Peak_164
#Deleted in new
chr13	98129218	98129756	Peak_165
#Deleted in new
chr16	14505819	14506390	Peak_170
#Deleted in new
chr12	115835414	115835892	Peak_175
#Deleted in new
chr17	74192908	74193486	Peak_176
#Duplicated in new
chr1	37534348	37534882	Peak_186
#Deleted in new
chr15	70271370	70272218	Peak_193
#Deleted in new
chr20	9594211	9594764	Peak_194
#Deleted in new
chr10	57703539	57704152	Peak_196
#Deleted in new
chr5	132363370	132363818	Peak_197
#Deleted in new
chr2	9699237	9699819	Peak_198
#Deleted in new
chr9	83132824	83133340	Peak_200
#Deleted in new
chr14	106846051	106846623	Peak_201
#Deleted in new
chr19	44737033	44737821	Peak_208
#Deleted in new
chr7	85733034	85733544	Peak_212
#Deleted in new
chr20	9306473	9306995	Peak_214
#Deleted in new
chr15	71747479	71748040	Peak_218
#Deleted in new
chr1	20896781	20897307	Peak_222
#Deleted in new
chr20	50422415	50422899	Peak_228
#Deleted in new
chr7	158432690	158433373	Peak_229
#Deleted in new
chr6	134109549	134110023	Peak_230
#Deleted in new
chr18	70372377	70373476	Peak_232
#Deleted in new
chr8	70610317	70610825	Peak_239
#Deleted in new
chr10	91144802	91145332	Peak_241
#Deleted in new
chr12	47377326	47377963	Peak_243
#Duplicated in new
chr7	130880616	130881174	Peak_245
#Duplicated in new
chr19	40920922	40921783	Peak_247
#Deleted in new
chr2	85705568	85705985	Peak_260
#Deleted in new
chr15	85563259	85563776	Peak_262
#Deleted in new
chr1	37461472	37462087	Peak_267
#Deleted in new
chr1	211198141	211198633	Peak_269
#Deleted in new
chr8	31833426	31833879	Peak_270
#Partially deleted in new
chr20	10352267	10352780	Peak_276
#Deleted in new
chr2	102048379	102048880	Peak_293
#Deleted in new
chr22	24207826	24208448	Peak_296
#Deleted in new
chr19	45154265	45154860	Peak_297
#Deleted in new
chr16	81604792	81605354	Peak_298
#Deleted in new
chr2	121627034	121627650	Peak_299
#Deleted in new
chr10	87162803	87163323	Peak_308
#Deleted in new
chr12	117143042	117143495	Peak_312
#Deleted in new
chr4	8101126	8101652	Peak_313
#Deleted in new
chr5	154538222	154538694	Peak_315
#Deleted in new
chr19	3336620	3337172	Peak_316
#Deleted in new
chr17	82297298	82298453	Peak_324
#Deleted in new
chr10	5008640	5009557	Peak_325
#Deleted in new
chr5	173953447	173954026	Peak_328
#Deleted in new
chr10	47701181	47701704	Peak_329
#Deleted in new
chr12	47212341	47212906	Peak_333
#Deleted in new
chr2	62424939	62425410	Peak_344
#Deleted in new
chr16	72677763	72678378	Peak_346
#Deleted in new
chr15	89498218	89498623	Peak_351
#Deleted in new
chr1	229979858	229980507	Peak_358
#Deleted in new
chr3	14295641	14296283	Peak_363
#Deleted in new
chrX	2182549	2183079	Peak_364
#Deleted in new
chr2	100752549	100753355	Peak_375
#Deleted in new
chr5	132364319	132364812	Peak_379
#Deleted in new
chr10	60955896	60956501	Peak_382
#Deleted in new
chr14	52111662	52112121	Peak_389
#Deleted in new
chr2	227388678	227389132	Peak_390
#Deleted in new
chr2	187541570	187542153	Peak_395
#Deleted in new
chr16	24700870	24701326	Peak_396
#Deleted in new
chr3	64063391	64064004	Peak_399
#Deleted in new
chr4	39664825	39665355	Peak_409
#Deleted in new
chr7	95385583	95386037	Peak_413
#Deleted in new
chr12	124928190	124928732	Peak_415
#Deleted in new
chr5	94433318	94433953	Peak_426
#Deleted in new
chr10	97724300	97724906	Peak_434
#Deleted in new
chr7	134875847	134876327	Peak_442
#Deleted in new
chr4	25694377	25694873	Peak_443
#Deleted in new
chr11	29094458	29094989	Peak_445
#Deleted in new
chr7	1520540	1521091	Peak_448
#Deleted in new
chrX	46566842	46567285	Peak_449
#Deleted in new
chr5	76823513	76823965	Peak_454
#Deleted in new
chr9	114351843	114352392	Peak_457
#Deleted in new
chr2	9001069	9001551	Peak_462
#Deleted in new
chr11	102007458	102007933	Peak_464
#Deleted in new
chr12	32453947	32454410	Peak_469
#Partially deleted in new
chr11	28836198	28836850	Peak_471
#Deleted in new
chr19	40897149	40897543	Peak_475
#Deleted in new
chr1	64955046	64955505	Peak_478
#Deleted in new
chr20	9300530	9300982	Peak_479
#Deleted in new
chr15	71800774	71801307	Peak_485
#Deleted in new
chr8	40378280	40378750	Peak_487
#Deleted in new
chr7	54830920	54831497	Peak_488
#Deleted in new
chr3	23580330	23580792	Peak_495
#Deleted in new
chr6	35640001	35640541	Peak_496
#Deleted in new
chr20	401640	402235	Peak_504
#Deleted in new
chr20	47464273	47464909	Peak_506
#Deleted in new
chr20	33191404	33191931	Peak_508
#Deleted in new
chr7	95436430	95436877	Peak_511
#Deleted in new
chr10	14571978	14572503	Peak_515
#Deleted in new
chr2	46967114	46967591	Peak_516
#Deleted in new
chr5	39100625	39101234	Peak_524
#Partially deleted in new
chr5	67257447	67257930	Peak_529
#Deleted in new
chr9	120735365	120735866	Peak_530
#Deleted in new
chr9	74760170	74760727	Peak_536
#Deleted in new
chr1	192496322	192496773	Peak_544
#Deleted in new
chr9	12784315	12784856	Peak_548
#Deleted in new
chr3	182889833	182890354	Peak_549
#Deleted in new
chr18	58417725	58418273	Peak_553
#Deleted in new
chr5	172999596	173000025	Peak_554
#Deleted in new
chr18	26470963	26471441	Peak_557
#Deleted in new
chr12	32917128	32917607	Peak_568
#Deleted in new
chr12	12883298	12883896	Peak_569
#Deleted in new
chr14	52457905	52458382	Peak_575
#Deleted in new
chr16	81584057	81584589	Peak_576
#Deleted in new
chr5	55934051	55934504	Peak_587
#Deleted in new
chr10	90179492	90180024	Peak_588
#Duplicated in new
chr1	8189913	8190355	Peak_597
#Partially deleted in new
chr19	3429640	3430427	Peak_601
#Deleted in new
chr3	183287419	183287815	Peak_602
#Deleted in new
chr3	188036288	188037076	Peak_603
#Deleted in new
chr8	130483126	130483763	Peak_611
#Deleted in new
chr10	58856499	58857056	Peak_613
#Deleted in new
chr2	142873317	142873730	Peak_616
#Deleted in new
chr7	75732561	75733391	Peak_618
#Deleted in new
chr6	89035429	89036277	Peak_621
#Deleted in new
chr10	114607311	114607982	Peak_627
#Deleted in new
chr4	8099800	8100376	Peak_628
#Deleted in new
chr15	92803923	92804469	Peak_646
#Deleted in new
chr2	189101917	189102413	Peak_647
#Deleted in new
chr20	5945880	5946376	Peak_650
#Partially deleted in new
chr7	2309943	2310466	Peak_653
#Deleted in new
chr19	47305392	47305826	Peak_656
#Deleted in new
chr18	23684535	23684983	Peak_661
#Deleted in new
chr11	12066190	12066636	Peak_663
#Deleted in new
chr9	81656866	81657283	Peak_678
#Deleted in new
chr7	101118252	101118770	Peak_695
#Deleted in new
chrX	1903473	1904009	Peak_697
#Deleted in new
chr6	163533377	163533849	Peak_702
#Deleted in new
chr3	87247155	87247671	Peak_705
#Deleted in new
chr12	63917938	63918457	Peak_711
#Deleted in new
chr19	3350281	3350737	Peak_712
#Deleted in new
chr17	61431643	61432396	Peak_718
#Deleted in new
chr11	114294852	114295367	Peak_723
#Deleted in new
chr19	32373750	32374294	Peak_724
#Deleted in new
chr3	183370758	183371529	Peak_732
#Deleted in new
chr10	46639998	46640471	Peak_733
#Deleted in new
chr12	95318014	95318512	Peak_739
#Deleted in new
chr15	67954675	67955180	Peak_740
#Deleted in new
chr1	229844769	229845241	Peak_744
#Deleted in new
chrX	57643684	57644072	Peak_753
#Deleted in new
chr17	79459951	79460383	Peak_766
#Deleted in new
chr4	161762753	161763201	Peak_769
#Deleted in new
chr19	3450886	3451576	Peak_784
#Deleted in new
chr7	106196609	106197042	Peak_785
#Deleted in new
chr2	108412864	108413445	Peak_788
#Deleted in new
chr2	222788068	222788507	Peak_791
#Deleted in new
chr6	117440646	117441553	Peak_793
#Deleted in new
chr4	102717507	102717974	Peak_812
#Partially deleted in new
chr4	14667754	14668456	Peak_814
#Deleted in new
chr3	29693835	29694230	Peak_816
#Partially deleted in new
chr3	27360578	27361035	Peak_822
#Deleted in new
chrX	1700558	1701152	Peak_832
#Deleted in new
chr20	50721693	50722315	Peak_840
#Partially deleted in new
chr5	173969517	173969964	Peak_841
#Deleted in new
chr5	67266067	67266477	Peak_853
#Deleted in new
chr9	137057040	137057425	Peak_854
#Deleted in new
chrX	2320562	2321022	Peak_872
#Deleted in new
chr1	203536862	203537332	Peak_873
#Deleted in new
chr8	29225623	29226022	Peak_874
#Deleted in new
chr9	2802471	2802854	Peak_882
#Deleted in new
chr9	110189018	110189457	Peak_884
#Deleted in new
chr9	94135220	94135629	Peak_885
#Deleted in new
chr15	88915891	88916247	Peak_888
#Deleted in new
chr10	75127509	75128036	Peak_889
#Partially deleted in new
chr2	195318793	195319510	Peak_890
#Deleted in new
chr17	43114092	43114489	Peak_894
#Deleted in new
chr2	188573355	188573818	Peak_895
#Deleted in new
chr5	72949434	72949859	Peak_900
#Deleted in new
chr6	84898068	84898575	Peak_903
#Deleted in new
chrX	123822979	123823422	Peak_906
#Deleted in new
chr10	46530269	46530703	Peak_908
#Deleted in new
chr13	41696523	41697081	Peak_910
#Deleted in new
chr10	52318978	52319501	Peak_913
#Deleted in new
chr3	36155451	36155914	Peak_916
#Deleted in new
chr6	137261373	137261983	Peak_921
#Duplicated in new
chrX	23787053	23787499	Peak_925
#Deleted in new
chr12	32457370	32457819	Peak_926
#Duplicated in new
chr6	134630412	134630947	Peak_928
#Deleted in new
chr10	454909	455314	Peak_932
#Partially deleted in new
chr1	246617743	246618179	Peak_933
#Deleted in new
chr7	69412441	69412952	Peak_937
#Deleted in new
chr1	8396916	8397348	Peak_951
#Deleted in new
chr14	34496426	34497390	Peak_953
#Deleted in new
chr2	207312018	207312463	Peak_955
#Deleted in new
chr17	73796686	73797141	Peak_956
#Deleted in new
chr7	28034633	28034998	Peak_957
#Deleted in new
chr3	29695552	29695942	Peak_958
#Deleted in new
chr20	51121791	51122251	Peak_963
#Deleted in new
chr6	110952247	110952697	Peak_973
#Deleted in new
chr22	47474972	47475421	Peak_974
#Deleted in new
chr17	67779258	67779761	Peak_976
#Deleted in new
chr12	120055297	120056029	Peak_979
#Deleted in new
chr5	91906349	91906839	Peak_980
#Deleted in new
chr1	8174362	8175201	Peak_981
#Deleted in new
chr14	35203880	35204326	Peak_982
#Deleted in new
chr8	141228437	141228840	Peak_985
#Deleted in new
chr3	183291666	183292083	Peak_986
#Deleted in new
chr16	15975137	15975566	Peak_991
#Deleted in new
chr3	13413417	13413901	Peak_992
#Deleted in new
chr16	14382530	14382957	Peak_994
#Deleted in new
chr6	106300354	106300765	Peak_996
#Deleted in new
chr5	157034700	157035116	Peak_1002
#Deleted in new
chr18	21053208	21053702	Peak_1003
#Deleted in new
chr1	206892589	206893106	Peak_1005
#Deleted in new
chr19	44695289	44695750	Peak_1006
#Deleted in new
chr2	142874426	142874836	Peak_1007
#Deleted in new
chr14	71062839	71063312	Peak_1015
#Deleted in new
chr18	10041076	10041564	Peak_1051
#Deleted in new
chr11	2779064	2779532	Peak_1053
#Deleted in new
chrX	123818254	123818693	Peak_1055
#Deleted in new
chrX	23799472	23799899	Peak_1056
#Deleted in new
chr8	19664738	19665149	Peak_1061
#Deleted in new
chr18	73692286	73692756	Peak_1063
#Deleted in new
chr8	18666187	18666984	Peak_1066
#Deleted in new
chr9	35526319	35526775	Peak_1070
#Deleted in new
chr16	15404855	15405262	Peak_1075
#Deleted in new
chr12	122072547	122072960	Peak_1076
#Deleted in new
chr1	36200051	36200445	Peak_1078
#Deleted in new
chr2	107025749	107026203	Peak_1079
#Deleted in new
chr3	15743652	15744025	Peak_1091
#Deleted in new
chr16	14364457	14364977	Peak_1095
#Deleted in new
chr7	17677361	17677768	Peak_1103
#Deleted in new
chr1	231194864	231195342	Peak_1107
#Deleted in new
chr2	24015592	24015919	Peak_1113
#Deleted in new
chr16	11824311	11824722	Peak_1115
#Deleted in new
chr7	151797723	151798160	Peak_1118
#Deleted in new
chr9	111348797	111349196	Peak_1119
#Deleted in new
chr10	110632649	110632993	Peak_1123
#Deleted in new
chr11	66768846	66769243	Peak_1130
#Deleted in new
chr2	45238213	45238642	Peak_1133
#Deleted in new
chr2	45992254	45992767	Peak_1134
#Deleted in new
chr13	43045349	43045752	Peak_1135
#Deleted in new
chr1	67880104	67880598	Peak_1143
#Deleted in new
chr13	110006336	110006738	Peak_1148
#Deleted in new
chr14	71060219	71060648	Peak_1149
#Deleted in new
chr4	123121415	123121921	Peak_1164
#Partially deleted in new
chr5	159905391	159905981	Peak_1165
#Deleted in new
chr7	99827200	99827644	Peak_1170
#Deleted in new
chr19	47663758	47664541	Peak_1172
#Deleted in new
chr2	235162377	235162804	Peak_1176
#Deleted in new
chr3	152307645	152308359	Peak_1177
#Deleted in new
chr3	19889112	19889512	Peak_1181
#Deleted in new
chr21	39681211	39681616	Peak_1183
#Deleted in new
chr6	88365252	88365620	Peak_1193
#Deleted in new
chr2	23745672	23746083	Peak_1198
#Duplicated in new
chr12	7896702	7897118	Peak_1204
#Deleted in new
chr8	133340917	133341505	Peak_1211
#Deleted in new
chr14	68950096	68950576	Peak_1216
#Deleted in new
chr3	117875370	117875850	Peak_1228
#Deleted in new
chr13	48783209	48783695	Peak_1230
#Deleted in new
chr4	8183397	8183858	Peak_1231
#Deleted in new
chr12	31780130	31780577	Peak_1233
#Deleted in new
chr14	35213950	35214319	Peak_1235
#Deleted in new
chr18	7596158	7596577	Peak_1244
#Deleted in new
chr22	30212450	30212907	Peak_1248
#Deleted in new
chr15	31752346	31752845	Peak_1252
#Deleted in new
chr1	36203878	36204547	Peak_1262
#Deleted in new
chr6	4322898	4323239	Peak_1263
#Deleted in new
chr16	66502137	66502562	Peak_1265
#Deleted in new
chr6	162056848	162057246	Peak_1275
#Deleted in new
chr6	81831364	81831762	Peak_1280
#Deleted in new
chr10	5071335	5072157	Peak_1281
#Deleted in new
chr4	186729848	186730235	Peak_1282
#Deleted in new
chr8	132877300	132877703	Peak_1287
#Deleted in new
chr2	98917028	98917466	Peak_1290
#Deleted in new
chr3	129908327	129908800	Peak_1292
#Deleted in new
chr11	3124353	3124719	Peak_1294
#Deleted in new
chr16	11640124	11640741	Peak_1297
#Deleted in new
chrX	123087343	123087737	Peak_1312
#Deleted in new
chr6	162058247	162058703	Peak_1314
#Deleted in new
chr1	231512177	231512751	Peak_1317
#Partially deleted in new
chr1	64910602	64911002	Peak_1319
#Deleted in new
chr5	16893959	16894789	Peak_1328
#Deleted in new
chr6	63560876	63561295	Peak_1329
#Deleted in new
chr8	141256945	141257311	Peak_1331
#Deleted in new
chrX	9164770	9165310	Peak_1334
#Deleted in new
chr7	21617878	21618229	Peak_1337
#Deleted in new
chr14	77565577	77566012	Peak_1340
#Deleted in new
chr20	49688108	49688502	Peak_1346
#Deleted in new
chr9	86405174	86405530	Peak_1347
#Deleted in new
chr1	96684021	96684425	Peak_1349
#Deleted in new
chr12	107344431	107344791	Peak_1351
#Deleted in new
chr12	127125938	127126352	Peak_1354
#Duplicated in new
chr20	44398159	44398742	Peak_1360
#Deleted in new
chr2	195520596	195521102	Peak_1363
#Deleted in new
chr20	5737300	5737646	Peak_1371
#Deleted in new
chr18	23742035	23742399	Peak_1382
#Deleted in new
chr2	222756946	222757347	Peak_1384
#Deleted in new
chr2	237500838	237501253	Peak_1385
#Deleted in new
chr8	19128067	19128627	Peak_1387
#Deleted in new
chr16	14449793	14450292	Peak_1395
#Deleted in new
chr10	73117867	73118289	Peak_1397
#Deleted in new
chr2	46644932	46645352	Peak_1399
#Deleted in new
chr14	35051803	35052157	Peak_1410
#Deleted in new
chr1	168636688	168637066	Peak_1434
#Duplicated in new
chr18	58549927	58550305	Peak_1437
#Deleted in new
chr18	7921017	7921687	Peak_1441
#Partially deleted in new
chr7	80721769	80722128	Peak_1444
#Deleted in new
chr20	4575306	4575663	Peak_1452
#Deleted in new
chr5	175015061	175015427	Peak_1453
#Deleted in new
chr7	75675956	75676532	Peak_1457
#Deleted in new
chr16	15572335	15572691	Peak_1458
#Deleted in new
chr8	106864114	106864535	Peak_1459
#Deleted in new
chr19	45175718	45176066	Peak_1460
#Deleted in new
chr11	120381346	120381718	Peak_1463
#Deleted in new
chr18	75489889	75490294	Peak_1465
#Deleted in new
chr9	38713396	38713766	Peak_1467
#Deleted in new
chr20	59826317	59826800	Peak_1469
#Deleted in new
chr16	74793562	74793997	Peak_1471
#Deleted in new
chr2	138072294	138072754	Peak_1472
#Deleted in new
chr2	187530020	187530441	Peak_1483
#Deleted in new
chr7	131145052	131145448	Peak_1484
#Deleted in new
chr8	128035155	128035601	Peak_1485
#Deleted in new
chr10	15043665	15044081	Peak_1487
#Deleted in new
chr19	14510372	14510985	Peak_1496
#Deleted in new
chr20	50418889	50419249	Peak_1497
#Deleted in new
chr6	151085163	151085553	Peak_1498
#Deleted in new
chr18	11857016	11857826	Peak_1501
#Duplicated in new
chr8	61782763	61783155	Peak_1508
#Deleted in new
chr1	228860874	228861360	Peak_1509
#Deleted in new
chr2	233756704	233757149	Peak_1510
#Deleted in new
chr2	233296998	233297421	Peak_1515
#Deleted in new
chr15	55899525	55899958	Peak_1516
#Deleted in new
chr10	58255926	58256434	Peak_1519
#Deleted in new
chr8	29679842	29680296	Peak_1521
#Partially deleted in new
chr15	49627374	49627920	Peak_1523
#Deleted in new
chr10	32985663	32986298	Peak_1525
#Deleted in new
chr2	63788039	63788397	Peak_1526
#Deleted in new
chr6	422622	423054	Peak_1534
#Deleted in new
chr9	136884953	136885349	Peak_1536
#Deleted in new
chr9	87373875	87374335	Peak_1538
#Deleted in new
chr9	128878467	128878828	Peak_1547
#Deleted in new
chr2	121185618	121186106	Peak_1548
#Deleted in new
chr9	34162630	34163051	Peak_1550
#Deleted in new
chr17	7959521	7959899	Peak_1552
#Deleted in new
chr18	7922295	7922638	Peak_1553
#Deleted in new
chr19	47250493	47250985	Peak_1554
#Deleted in new
chr4	40255601	40256060	Peak_1557
#Deleted in new
chr9	128870631	128871031	Peak_1561
#Deleted in new
chr1	23984381	23984942	Peak_1562
#Deleted in new
chr13	109251944	109252383	Peak_1564
#Deleted in new
chr17	58914184	58914533	Peak_1567
#Partially deleted in new
chr7	96349512	96349971	Peak_1577
#Deleted in new
chr10	12720377	12720764	Peak_1586
#Deleted in new
chr1	25681871	25682231	Peak_1587
#Deleted in new
chr8	48591627	48591967	Peak_1588
#Deleted in new
chr10	131997604	131998092	Peak_1590
#Deleted in new
chr12	110917522	110917913	Peak_1596
#Deleted in new
chr17	80063730	80064475	Peak_1601
#Deleted in new
chr1	9331679	9332053	Peak_1608
#Deleted in new
chr5	2093845	2094242	Peak_1611
#Deleted in new
chr17	6003179	6003590	Peak_1614
#Deleted in new
chr1	233112923	233113304	Peak_1615
#Deleted in new
chr2	234679764	234680454	Peak_1625
#Deleted in new
chr9	77063636	77064142	Peak_1638
#Deleted in new
chr3	72625615	72626186	Peak_1643
#Deleted in new
chrX	10036248	10036620	Peak_1650
#Deleted in new
chr19	2532786	2533185	Peak_1651
#Deleted in new
chr8	11457782	11458196	Peak_1656
#Deleted in new
chrX	10030612	10030932	Peak_1657
#Deleted in new
chr19	2627516	2627908	Peak_1661
#Deleted in new
chr12	109192098	109192731	Peak_1668
#Deleted in new
chr2	102273740	102274126	Peak_1670
#Deleted in new
chrX	264867	265225	Peak_1671
#Deleted in new
chr10	90960377	90960859	Peak_1673
#Deleted in new
chr19	42851132	42851756	Peak_1677
#Deleted in new
chr17	1981538	1981979	Peak_1681
#Deleted in new
chrX	46567430	46567781	Peak_1682
#Deleted in new
chr3	149180053	149180414	Peak_1684
#Deleted in new
chr11	11622844	11623212	Peak_1685
#Deleted in new
chr10	34427083	34427695	Peak_1686
#Deleted in new
chr15	96064270	96064652	Peak_1690
#Deleted in new
chr1	206748537	206749032	Peak_1691
#Deleted in new
chr1	199794177	199795017	Peak_1692
#Deleted in new
chrX	48591342	48591680	Peak_1696
#Deleted in new
chr2	233745407	233745836	Peak_1699
#Deleted in new
chr18	54316177	54316603	Peak_1704
#Deleted in new
chr15	23483944	23484373	Peak_1713
#Deleted in new
chr15	50137240	50137678	Peak_1714
#Deleted in new
chr17	58900454	58900872	Peak_1723
#Deleted in new
chr19	3054374	3054752	Peak_1727
#Deleted in new
chr20	47321196	47321693	Peak_1733
#Deleted in new
chr10	6779105	6779499	Peak_1741
#Deleted in new
chr22	21037690	21038040	Peak_1742
#Deleted in new
chr9	34163486	34163887	Peak_1744
#Deleted in new
chr10	58678786	58679110	Peak_1747
#Duplicated in new
chr4	74109081	74109739	Peak_1750
#Deleted in new
chr8	129996699	129997054	Peak_1752
#Deleted in new
chrX	10003887	10004358	Peak_1754
#Deleted in new
chr20	44728780	44729200	Peak_1757
#Deleted in new
chr2	120936898	120937348	Peak_1758
#Deleted in new
chr2	27725309	27725762	Peak_1760
#Deleted in new
chr1	212915503	212915859	Peak_1762
#Deleted in new
chr6	127347218	127347566	Peak_1771
#Deleted in new
chr12	94954172	94954623	Peak_1775
#Deleted in new
chr2	138081753	138082086	Peak_1780
#Partially deleted in new
chr11	66970724	66971245	Peak_1783
#Partially deleted in new
chr1	207025525	207025870	Peak_1784
#Deleted in new
chr6	30926735	30927142	Peak_1792
#Deleted in new
chrX	43589833	43590224	Peak_1794
#Deleted in new
chr1	230185976	230186403	Peak_1795
#Deleted in new
chr1	86788269	86788871	Peak_1799
#Deleted in new
chr7	75920496	75920813	Peak_1801
#Deleted in new
chr2	43288425	43288921	Peak_1804
#Deleted in new
chr7	4631781	4632209	Peak_1807
#Deleted in new
chr10	50395302	50395717	Peak_1808
#Deleted in new
chr4	42048346	42048682	Peak_1820
#Deleted in new
chr6	30998792	30999238	Peak_1826
#Deleted in new
chr3	127525444	127525835	Peak_1838
#Deleted in new
chr1	15799068	15799741	Peak_1840
#Deleted in new
chr20	50469814	50470129	Peak_1844
#Deleted in new
chr4	88514797	88515288	Peak_1845
#Duplicated in new
chr8	95801914	95802314	Peak_1847
#Deleted in new
chr3	39531748	39532142	Peak_1854
#Deleted in new
chr11	94145775	94146287	Peak_1856
#Deleted in new
chr20	22341481	22341867	Peak_1857
#Deleted in new
chr3	30511525	30512087	Peak_1868
#Deleted in new
chr1	26812676	26813148	Peak_1870
#Deleted in new
chr3	109362877	109363195	Peak_1874
#Deleted in new
chr5	130391648	130391986	Peak_1880
#Deleted in new
chr7	76069225	76069683	Peak_1882
#Deleted in new
chr3	67706948	67707324	Peak_1886
#Deleted in new
chr17	80512173	80512519	Peak_1889
#Deleted in new
chr18	54777144	54777741	Peak_1890
#Deleted in new
chr12	32920492	32920907	Peak_1893
#Deleted in new
chrX	41022625	41022948	Peak_1895
#Deleted in new
chr14	52110450	52110773	Peak_1896
#Deleted in new
chr10	132482160	132482514	Peak_1899
#Deleted in new
chr10	21336772	21337240	Peak_1903
#Deleted in new
chr1	222777466	222777938	Peak_1905
#Deleted in new
chr17	20103847	20104345	Peak_1907
#Deleted in new
chr5	10551324	10551706	Peak_1909
#Deleted in new
chr12	103859100	103859544	Peak_1912
#Deleted in new
chr3	45617518	45617827	Peak_1914
#Deleted in new
chr6	160386728	160387295	Peak_1915
#Deleted in new
chr1	219521345	219521713	Peak_1917
#Duplicated in new
chr14	21917625	21918029	Peak_1919
#Deleted in new
chr2	145020695	145021021	Peak_1921
#Deleted in new
chr3	138597397	138597833	Peak_1922
#Deleted in new
chr9	110536847	110537154	Peak_1927
#Deleted in new
chr2	46642765	46643201	Peak_1929
#Deleted in new
chr4	69034341	69034781	Peak_1930
#Deleted in new
chr2	209472830	209473321	Peak_1933
#Deleted in new
chr10	77881690	77882046	Peak_1934
#Partially deleted in new
chr1	221839861	221840203	Peak_1939
#Deleted in new
chr16	23124300	23124635	Peak_1943
#Deleted in new
chr17	44552391	44552742	Peak_1944
#Deleted in new
chr1	229843891	229844308	Peak_1950
#Deleted in new
chr12	124369193	124369864	Peak_1952
#Deleted in new
chr12	27703908	27704253	Peak_1953
#Deleted in new
chr11	69144972	69145366	Peak_1957
#Deleted in new
chr17	57021583	57022040	Peak_1965
#Deleted in new
chr5	154593141	154593456	Peak_1967
#Deleted in new
chr8	133182477	133182803	Peak_1968
#Deleted in new
chr10	98400612	98401012	Peak_1970
#Partially deleted in new
chr2	18960343	18960651	Peak_1975
#Deleted in new
chr17	50933517	50933843	Peak_1978
#Deleted in new
chr20	50462343	50462733	Peak_1979
#Deleted in new
chr12	8619171	8619633	Peak_1980
#Deleted in new
chr4	119080997	119081370	Peak_1989
#Deleted in new
chr5	172383302	172383641	Peak_1990
#Deleted in new
chr6	84522207	84522593	Peak_1991
#Deleted in new
chr7	74482020	74482340	Peak_1992
#Deleted in new
chr12	31749181	31749672	Peak_1997
#Deleted in new
chr14	75559811	75560166	Peak_1998
#Deleted in new
chr11	47912913	47913253	Peak_2002
#Deleted in new
chr19	15495171	15495556	Peak_2008
#Deleted in new
chrX	23900995	23901455	Peak_2019
#Deleted in new
chr7	117582198	117582662	Peak_2020
#Deleted in new
chr8	133001387	133001777	Peak_2023
#Deleted in new
chr3	14379396	14379756	Peak_2025
#Deleted in new
chr20	50434583	50435072	Peak_2029
#Deleted in new
chr20	50442947	50443300	Peak_2031
#Deleted in new
chr3	160796816	160797185	Peak_2032
#Deleted in new
chr15	51132718	51133093	Peak_2034
#Deleted in new
chr19	8388109	8388493	Peak_2048
#Deleted in new
chr3	151766413	151766804	Peak_2055
#Deleted in new
chr22	42940147	42940608	Peak_2056
#Deleted in new
chrX	3697795	3698234	Peak_2062
#Deleted in new
chr1	40866453	40866824	Peak_2065
#Deleted in new
chr5	16889603	16890005	Peak_2067
#Deleted in new
chr10	76583653	76584073	Peak_2070
#Deleted in new
chrX	123749704	123750033	Peak_2080
#Deleted in new
chr13	95267664	95268323	Peak_2083
#Deleted in new
chr17	55452500	55453006	Peak_2089
#Deleted in new
chr12	75989005	75989359	Peak_2097
#Deleted in new
chr12	124747441	124747791	Peak_2105
#Deleted in new
chr20	59047889	59048361	Peak_2107
#Partially deleted in new
chr3	64342968	64343320	Peak_2109
#Deleted in new
chr20	49381861	49382265	Peak_2112
#Deleted in new
chr4	69095406	69095785	Peak_2114
#Deleted in new
chr18	24052116	24052472	Peak_2123
#Deleted in new
chr20	51121168	51121704	Peak_2124
#Deleted in new
chr5	173455265	173455681	Peak_2125
#Deleted in new
chr2	55779698	55780029	Peak_2132
#Deleted in new
chr17	77002071	77002595	Peak_2133
#Deleted in new
chr16	15576308	15576627	Peak_2136
#Deleted in new
chrX	10040312	10040845	Peak_2156
#Deleted in new
chr12	76611613	76611963	Peak_2164
#Deleted in new
chr8	30804431	30804896	Peak_2167
#Deleted in new
chr3	43753841	43754216	Peak_2170
#Deleted in new
chr12	52126487	52126921	Peak_2172
#Deleted in new
chr9	19162938	19163274	Peak_2176
#Deleted in new
chr18	32293138	32293452	Peak_2177
#Deleted in new
chr8	22362296	22362629	Peak_2178
#Deleted in new
chr2	227858176	227858679	Peak_2179
#Deleted in new
chr4	101885595	101885893	Peak_2189
#Deleted in new
chr3	186693904	186694409	Peak_2190
#Deleted in new
chr2	233668571	233668997	Peak_2199
#Deleted in new
chr2	31558480	31559103	Peak_2200
#Deleted in new
chr1	234987255	234987657	Peak_2202
#Deleted in new
chr10	58853323	58853598	Peak_2206
#Deleted in new
chr18	58234923	58235327	Peak_2209
#Deleted in new
chr3	141276077	141276727	Peak_2212
#Deleted in new
chr5	72600472	72600928	Peak_2213
#Deleted in new
chr6	21325309	21325647	Peak_2215
#Deleted in new
chr7	159015468	159015859	Peak_2223
#Deleted in new
chr6	89050212	89050579	Peak_2230
#Deleted in new
chr5	73606378	73606714	Peak_2231
#Deleted in new
chr7	44944811	44945198	Peak_2232
#Deleted in new
chr7	85695581	85695953	Peak_2236
#Deleted in new
chr3	150317520	150317861	Peak_2239
#Deleted in new
chr5	132365234	132365627	Peak_2240
#Deleted in new
chr11	103625298	103625640	Peak_2242
#Deleted in new
chr12	21614096	21614395	Peak_2244
#Deleted in new
chr14	49641833	49642209	Peak_2248
#Deleted in new
chr19	2543868	2544364	Peak_2251
#Deleted in new
chr15	58251691	58252005	Peak_2260
#Deleted in new
chr7	131357347	131357797	Peak_2265
#Deleted in new
chr8	29314400	29314814	Peak_2266
#Partially deleted in new
chr4	174400715	174401179	Peak_2279
#Partially deleted in new
chr12	92957038	92957507	Peak_2280
#Partially deleted in new
chr3	127747755	127748536	Peak_2282
#Deleted in new
chr6	77298340	77298681	Peak_2283
#Deleted in new
chr10	5148318	5148632	Peak_2287
#Deleted in new
chr12	39067848	39068194	Peak_2295
#Deleted in new
chr6	161922734	161923139	Peak_2301
#Deleted in new
chr4	71150969	71151330	Peak_2303
#Deleted in new
chr5	176330317	176330666	Peak_2304
#Deleted in new
chr20	25234488	25235099	Peak_2311
#Deleted in new
chr5	173806678	173807372	Peak_2313
#Partially deleted in new
chr8	70612142	70612471	Peak_2314
#Deleted in new
chr19	42832319	42832666	Peak_2315
#Deleted in new
chr10	7892201	7892532	Peak_2316
#Deleted in new
chr17	50671117	50671440	Peak_2320
#Deleted in new
chr15	39748241	39748593	Peak_2321
#Deleted in new
chr4	174401773	174402095	Peak_2331
#Deleted in new
chr20	10370338	10370811	Peak_2350
#Deleted in new
chr14	21993069	21993538	Peak_2353
#Deleted in new
chr9	34158417	34158802	Peak_2357
#Deleted in new
chr11	57083646	57083984	Peak_2358
#Deleted in new
chr4	139645413	139645831	Peak_2371
#Deleted in new
chr7	69367857	69368227	Peak_2377
#Deleted in new
chrX	82813655	82814069	Peak_2379
#Deleted in new
chr18	7754782	7755225	Peak_2380
#Deleted in new
chr22	24200632	24201025	Peak_2381
#Deleted in new
chr10	58621783	58622213	Peak_2399
#Deleted in new
chr6	21754914	21755280	Peak_2404
#Deleted in new
chr2	69779268	69779576	Peak_2411
#Deleted in new
chr19	2576932	2577232	Peak_2413
#Deleted in new
chr20	58031644	58031968	Peak_2414
#Deleted in new
chr2	179214729	179215026	Peak_2415
#Deleted in new
chr3	138079137	138079702	Peak_2417
#Deleted in new
chr9	112166227	112166551	Peak_2423
#Deleted in new
chr19	32363217	32363586	Peak_2424
#Deleted in new
chr1	65425744	65426187	Peak_2430
#Deleted in new
chr1	32501974	32502272	Peak_2433
#Deleted in new
chr15	55897272	55897611	Peak_2436
#Deleted in new
chr9	128867551	128867865	Peak_2439
#Deleted in new
chr15	70368372	70368720	Peak_2440
#Deleted in new
chr18	70422115	70422447	Peak_2442
#Deleted in new
chr10	7233490	7234074	Peak_2459
#Deleted in new
chr12	12439616	12439919	Peak_2461
#Deleted in new
chr15	67936748	67937087	Peak_2462
#Deleted in new
chr19	18017482	18017891	Peak_2463
#Deleted in new
chr20	47124771	47125052	Peak_2464
#Deleted in new
chr8	48628630	48629022	Peak_2471
#Deleted in new
chr2	48197090	48197564	Peak_2473
#Deleted in new
chr4	175419229	175419804	Peak_2474
#Deleted in new
chr2	121191238	121191573	Peak_2483
#Deleted in new
chr11	123145263	123145565	Peak_2484
#Deleted in new
chr17	77622597	77622925	Peak_2488
#Deleted in new
chr18	8141141	8141515	Peak_2489
#Deleted in new
chr20	47642680	47643015	Peak_2490
#Deleted in new
chr3	117825360	117825707	Peak_2491
#Deleted in new
chr7	77007965	77008356	Peak_2495
#Deleted in new
chr1	168491845	168492163	Peak_2496
#Deleted in new
chr15	85413369	85413895	Peak_2498
#Deleted in new
chr18	7919593	7919930	Peak_2501
#Deleted in new
chr14	54839653	54839955	Peak_2504
#Deleted in new
chr12	79629534	79629878	Peak_2507
#Deleted in new
chr18	3459415	3459788	Peak_2508
#Deleted in new
chr10	6287341	6287807	Peak_2513
#Deleted in new
chr10	75192116	75192553	Peak_2522
#Deleted in new
chr1	207309736	207310080	Peak_2523
#Deleted in new
chr8	19627872	19628215	Peak_2532
#Deleted in new
chr14	64649331	64649726	Peak_2537
#Deleted in new
chr10	71990753	71991056	Peak_2543
#Deleted in new
chr14	80538951	80539328	Peak_2544
#Deleted in new
chr18	50308211	50308505	Peak_2545
#Deleted in new
chr14	68577878	68578171	Peak_2554
#Deleted in new
chr11	82953493	82953812	Peak_2562
#Deleted in new
chr13	77143581	77143845	Peak_2564
#Deleted in new
chr7	134949183	134949459	Peak_2568
#Deleted in new
chr2	223230351	223230674	Peak_2570
#Deleted in new
chr20	41321743	41322044	Peak_2572
#Partially deleted in new
chr3	109363712	109364047	Peak_2573
#Deleted in new
chr11	66189329	66189667	Peak_2577
#Deleted in new
chr11	66886886	66887271	Peak_2578
#Deleted in new
chr2	38179180	38179525	Peak_2582
#Partially deleted in new
chr7	128434977	128435618	Peak_2587
#Deleted in new
chr1	184593620	184593972	Peak_2592
#Deleted in new
chr8	61767182	61767515	Peak_2593
#Deleted in new
chr1	8061310	8061675	Peak_2594
#Deleted in new
chr20	49604521	49604814	Peak_2606
#Deleted in new
chr6	31186261	31186746	Peak_2609
#Deleted in new
chr6	63452122	63452472	Peak_2610
#Deleted in new
chr8	52702748	52703090	Peak_2612
#Deleted in new
chr8	27873401	27873799	Peak_2614
#Deleted in new
chr17	49836302	49836694	Peak_2619
#Deleted in new
chr19	4131111	4131429	Peak_2620
#Deleted in new
chr20	49790107	49790765	Peak_2622
#Deleted in new
chr20	59350713	59351176	Peak_2623
#Deleted in new
chr2	27977872	27978163	Peak_2625
#Deleted in new
chr6	123090924	123091542	Peak_2634
#Partially deleted in new
chr10	97297966	97298269	Peak_2636
#Deleted in new
chr10	34280690	34281046	Peak_2641
#Deleted in new
chr1	214583827	214584240	Peak_2646
#Deleted in new
chr7	94580568	94580957	Peak_2650
#Deleted in new
chr7	35003887	35004233	Peak_2657
#Deleted in new
chr4	107838150	107838562	Peak_2658
#Deleted in new
chr1	21264891	21265267	Peak_2660
#Deleted in new
chr12	12405919	12406247	Peak_2666
#Deleted in new
chr14	102279962	102280243	Peak_2668
#Deleted in new
chr20	53579470	53579889	Peak_2671
#Deleted in new
chr7	102134443	102134750	Peak_2673
#Deleted in new
chr9	90921127	90921476	Peak_2675
#Deleted in new
chr8	28004630	28004932	Peak_2680
#Deleted in new
chr12	10385367	10385680	Peak_2682
#Deleted in new
chr19	4147356	4147635	Peak_2683
#Deleted in new
chr17	60671441	60671845	Peak_2686
#Deleted in new
chr1	91608910	91609222	Peak_2687
#Deleted in new
chr9	89556627	89556961	Peak_2689
#Deleted in new
chr1	229208639	229209138	Peak_2694
#Deleted in new
chr14	104049088	104049415	Peak_2695
#Deleted in new
chr22	23547878	23548222	Peak_2700
#Deleted in new
chr4	107683903	107684221	Peak_2703
#Deleted in new
chr16	11010787	11011166	Peak_2710
#Deleted in new
chr10	35453799	35454080	Peak_2713
#Deleted in new
chr10	264249	265360	Peak_2718
#Deleted in new
chr16	15442310	15442647	Peak_2720
#Deleted in new
chr16	81405640	81406019	Peak_2723
#Deleted in new
chr3	122651695	122652025	Peak_2725
#Deleted in new
chr8	26150079	26150371	Peak_2727
#Deleted in new
chr12	109199965	109200303	Peak_2729
#Deleted in new
chr3	127746670	127747198	Peak_2733
#Deleted in new
chr5	81245213	81245631	Peak_2735
#Deleted in new
chr9	111965539	111965877	Peak_2740
#Deleted in new
chr1	209527383	209527736	Peak_2744
#Deleted in new
chr4	40314956	40315252	Peak_2751
#Deleted in new
chr1	229952726	229953026	Peak_2768
#Deleted in new
chrX	2705043	2705382	Peak_2769
#Deleted in new
chr18	22485817	22486125	Peak_2772
#Deleted in new
chr4	11635387	11635771	Peak_2775
#Deleted in new
chrX	10051874	10052255	Peak_2777
#Deleted in new
chr2	207394898	207395213	Peak_2780
#Deleted in new
chr4	40253906	40254213	Peak_2781
#Deleted in new
chr19	752675	753031	Peak_2783
#Deleted in new
chr10	77911683	77912009	Peak_2789
#Deleted in new
chrX	1799779	1800091	Peak_2791
#Deleted in new
chr10	25085621	25086127	Peak_2792
#Deleted in new
chr1	15796843	15797149	Peak_2793
#Deleted in new
chr11	61820885	61821364	Peak_2794
#Deleted in new
chr13	32984889	32985224	Peak_2799
#Deleted in new
chr3	57972839	57973155	Peak_2803
#Deleted in new
chr8	123689786	123690304	Peak_2808
#Deleted in new
chr8	29770516	29770811	Peak_2809
#Deleted in new
chr9	81842639	81843002	Peak_2814
#Deleted in new
chr19	14502676	14503007	Peak_2817
#Deleted in new
chr8	144003328	144003634	Peak_2821
#Deleted in new
chr20	5680183	5680486	Peak_2828
#Deleted in new
chr8	63220259	63220582	Peak_2830
#Deleted in new
chr14	68941905	68942239	Peak_2836
#Deleted in new
chrX	2707351	2707634	Peak_2842
#Deleted in new
chr8	125525331	125525688	Peak_2844
#Deleted in new
chr10	59971960	59972335	Peak_2845
#Deleted in new
chr11	101866622	101866935	Peak_2851
#Deleted in new
chr2	46224899	46225283	Peak_2855
#Deleted in new
chr6	141421403	141421731	Peak_2857
#Deleted in new
chr20	32648703	32649030	Peak_2864
#Deleted in new
chr1	150604783	150605083	Peak_2868
#Deleted in new
chr13	34201435	34201759	Peak_2869
#Deleted in new
chr19	3305164	3305540	Peak_2871
#Deleted in new
chr1	65484319	65484792	Peak_2877
#Deleted in new
chr3	162525064	162525428	Peak_2881
#Deleted in new
chr4	8096392	8096749	Peak_2882
#Deleted in new
chr5	23419056	23419420	Peak_2884
#Deleted in new
chr7	7553425	7553707	Peak_2889
#Deleted in new
chr9	120942079	120942422	Peak_2890
#Deleted in new
chr3	151837135	151837544	Peak_2897
#Deleted in new
chr1	184612166	184612544	Peak_2902
#Deleted in new
chr5	90956506	90956835	Peak_2903
#Deleted in new
chr10	87647952	87648335	Peak_2908
#Deleted in new
chr11	14318661	14318956	Peak_2909
#Deleted in new
chr1	203537981	203538331	Peak_2910
#Deleted in new
chr14	52343360	52343711	Peak_2916
#Partially deleted in new
chr14	59695264	59695599	Peak_2917
#Deleted in new
chr19	40886862	40887175	Peak_2919
#Deleted in new
chr9	105187782	105188144	Peak_2928
#Deleted in new
chr12	21666752	21667042	Peak_2933
#Deleted in new
chr1	178241161	178241429	Peak_2940
#Deleted in new
chr8	33479448	33479730	Peak_2941
#Deleted in new
chr17	77125440	77125842	Peak_2942
#Deleted in new
chr3	112672089	112672469	Peak_2943
#Deleted in new
chr12	21566253	21566584	Peak_2946
#Deleted in new
chr20	9334944	9335286	Peak_2949
#Deleted in new
chr3	29591630	29592055	Peak_2964
#Deleted in new
chr7	47601332	47601764	Peak_2967
#Deleted in new
chrX	2552695	2553037	Peak_2970
#Deleted in new
chr14	75602681	75602976	Peak_2971
#Deleted in new
chr8	132947389	132947661	Peak_2973
#Deleted in new
chrX	10022559	10022853	Peak_2975
#Deleted in new
chr20	34264095	34264474	Peak_2987
#Deleted in new
chr3	16102857	16103156	Peak_2989
#Deleted in new
chrX	24870148	24870425	Peak_2991
#Deleted in new
chr15	51875269	51875611	Peak_2994
#Deleted in new
chr7	74610302	74610650	Peak_3000
#Deleted in new
chr7	99210212	99210599	Peak_3001
#Duplicated in new
chr7	134532236	134532626	Peak_3006
#Deleted in new
chr11	56932808	56933109	Peak_3008
#Deleted in new
chr20	44384784	44385170	Peak_3012
#Deleted in new
chr2	187550204	187550510	Peak_3013
#Deleted in new
chr7	143126144	143126493	Peak_3020
#Deleted in new
chr15	49492939	49493262	Peak_3027
#Deleted in new
chr10	6297897	6298288	Peak_3031
#Deleted in new
chr4	128521761	128522127	Peak_3033
#Deleted in new
chr22	46634992	46635387	Peak_3041
#Deleted in new
chr3	138799940	138800267	Peak_3042
#Deleted in new
chr18	58362186	58362474	Peak_3046
#Deleted in new
chr1	113459299	113459619	Peak_3050
#Deleted in new
chr1	218650602	218650925	Peak_3053
#Deleted in new
chr1	229888995	229889281	Peak_3054
#Deleted in new
chr1	67882609	67882931	Peak_3056
#Deleted in new
chr12	93511839	93512118	Peak_3060
#Deleted in new
chr15	95679920	95680216	Peak_3064
#Deleted in new
chr2	8605679	8606132	Peak_3066
#Deleted in new
chr10	57696677	57697013	Peak_3076
#Deleted in new
chr2	182949594	182949967	Peak_3086
#Deleted in new
chr2	8628502	8628811	Peak_3087
#Deleted in new
chr17	16206605	16206997	Peak_3089
#Deleted in new
chr1	225454173	225454459	Peak_3092
#Deleted in new
chr5	76804362	76804900	Peak_3097
#Partially deleted in new
chr16	30898937	30899208	Peak_3103
#Deleted in new
chr17	69896720	69897040	Peak_3105
#Deleted in new
chr19	48563422	48563705	Peak_3107
#Deleted in new
chr2	189233568	189233837	Peak_3109
#Deleted in new
chr2	85806409	85806829	Peak_3111
#Deleted in new
chr3	142118923	142119262	Peak_3112
#Deleted in new
chr1	219310273	219310661	Peak_3117
#Deleted in new
chr2	44297483	44297777	Peak_3118
#Deleted in new
chr4	168796564	168797123	Peak_3128
#Deleted in new
chr8	98725805	98726134	Peak_3130
#Deleted in new
chr12	7079289	7079640	Peak_3131
#Deleted in new
chr20	10250887	10251153	Peak_3132
#Deleted in new
chr6	141326459	141326760	Peak_3140
#Deleted in new
chr6	21801103	21801451	Peak_3141
#Deleted in new
chr1	239247363	239247662	Peak_3146
#Deleted in new
chr18	11119961	11120245	Peak_3147
#Deleted in new
chr10	129550121	129550448	Peak_3149
#Deleted in new
chr1	157284141	157284705	Peak_3150
#Deleted in new
chr13	93361857	93362169	Peak_3152
#Deleted in new
chr13	99067176	99067447	Peak_3153
#Deleted in new
chr14	36430777	36431075	Peak_3154
#Deleted in new
chr19	3343501	3343925	Peak_3159
#Deleted in new
chr3	125622285	125622739	Peak_3161
#Deleted in new
chr4	186775875	186776156	Peak_3163
#Deleted in new
chr8	124655208	124655564	Peak_3167
#Partially deleted in new
chr13	30002642	30002894	Peak_3172
#Deleted in new
chr22	43033725	43034054	Peak_3173
#Deleted in new
chr16	48492872	48493209	Peak_3174
#Deleted in new
chr14	28671490	28671781	Peak_3176
#Deleted in new
chr13	51519991	51520287	Peak_3179
#Deleted in new
chr20	63575786	63576104	Peak_3185
#Deleted in new
chr9	129506957	129507248	Peak_3189
#Deleted in new
chr12	117130157	117130460	Peak_3192
#Deleted in new
chr16	89581082	89581499	Peak_3195
#Deleted in new
chr3	71998937	71999253	Peak_3197
#Deleted in new
chr19	39909624	39909924	Peak_3200
#Deleted in new
chr7	151687593	151687933	Peak_3202
#Deleted in new
chr11	68146200	68146465	Peak_3203
#Partially deleted in new
chr18	48629958	48630329	Peak_3207
#Deleted in new
chr4	150722886	150723280	Peak_3210
#Deleted in new
chr11	3115252	3115560	Peak_3215
#Deleted in new
chr18	429046	429385	Peak_3217
#Deleted in new
chr22	45809494	45809781	Peak_3220
#Deleted in new
chr20	5724600	5724989	Peak_3225
#Partially deleted in new
chr1	227357269	227357669	Peak_3229
#Deleted in new
chr1	42312664	42313047	Peak_3231
#Deleted in new
chr2	168545577	168545971	Peak_3236
#Deleted in new
chr2	233974610	233974938	Peak_3239
#Deleted in new
chr15	90015815	90016104	Peak_3243
#Deleted in new
chr2	237182337	237182659	Peak_3244
#Deleted in new
chr15	50164496	50164768	Peak_3251
#Deleted in new
chr11	71241271	71241626	Peak_3257
#Deleted in new
chr19	47667462	47667771	Peak_3259
#Deleted in new
chr6	125198724	125199018	Peak_3262
#Deleted in new
chr8	9088651	9089038	Peak_3264
#Deleted in new
chr9	83472226	83472558	Peak_3266
#Deleted in new
chr3	23741138	23741436	Peak_3272
#Deleted in new
chr14	92503874	92504363	Peak_3275
#Deleted in new
chr19	40855078	40855409	Peak_3277
#Partially deleted in new
chr3	183765405	183765768	Peak_3283
#Deleted in new
chr6	137148706	137149089	Peak_3288
#Deleted in new
chr7	6306562	6306859	Peak_3290
#Deleted in new
chr8	141017701	141017972	Peak_3292
#Duplicated in new
chr9	101323822	101324231	Peak_3294
#Deleted in new
chr9	137690149	137690484	Peak_3296
#Deleted in new
chr9	39030713	39030996	Peak_3298
#Deleted in new
chr10	46526658	46526945	Peak_3304
#Deleted in new
chr6	162057534	162057904	Peak_3307
#Deleted in new
chr16	24646257	24646609	Peak_3309
#Deleted in new
chr10	35425479	35425819	Peak_3321
#Deleted in new
chr7	76087452	76087747	Peak_3325
#Deleted in new
chr7	128434455	128434820	Peak_3327
#Deleted in new
chr7	80385570	80385898	Peak_3332
#Deleted in new
chr7	151598047	151598349	Peak_3335
#Deleted in new
chr7	95441013	95441370	Peak_3344
#Deleted in new
chr12	98464186	98464499	Peak_3347
#Deleted in new
chr16	1935325	1935604	Peak_3349
#Deleted in new
chr18	74249195	74249472	Peak_3350
#Partially deleted in new
chr19	18379947	18380470	Peak_3351
#Partially deleted in new
chr4	74473087	74473588	Peak_3353
#Deleted in new
chr5	10453607	10453894	Peak_3354
#Deleted in new
chr1	8218757	8219011	Peak_3357
#Deleted in new
chr1	94743874	94744304	Peak_3358
#Deleted in new
chrX	13845724	13846041	Peak_3361
#Deleted in new
chr2	85936481	85936832	Peak_3362
#Deleted in new
chr18	77560632	77560919	Peak_3367
#Deleted in new
chr3	37206037	37206354	Peak_3368
#Deleted in new
chr4	6892276	6892617	Peak_3369
#Deleted in new
chr9	27509947	27510273	Peak_3372
#Deleted in new
chr3	105834783	105835119	Peak_3375
#Deleted in new
chr10	118621424	118621833	Peak_3376
#Deleted in new
chr16	87762634	87762932	Peak_3379
#Duplicated in new
chr4	69020392	69020717	Peak_3387
#Deleted in new
chr9	37418173	37418511	Peak_3390
#Deleted in new
chr19	7391206	7391529	Peak_3393
#Deleted in new
chr4	141333870	141334138	Peak_3394
#Deleted in new
chr16	54266503	54266767	Peak_3397
#Deleted in new
chr4	158371070	158371452	Peak_3399
#Deleted in new
chr9	92245526	92245839	Peak_3401
#Deleted in new
chr15	27222497	27222752	Peak_3404
#Deleted in new
chr2	222842559	222842845	Peak_3405
#Deleted in new
chr1	13619902	13620243	Peak_3417
#Deleted in new
chr13	113837065	113837413	Peak_3419
#Deleted in new
chr1	233673999	233674305	Peak_3425
#Deleted in new
chr8	53944934	53945336	Peak_3429
#Deleted in new
chr19	55189390	55189688	Peak_3431
#Deleted in new
chr20	50400158	50400459	Peak_3432
#Deleted in new
chr10	5033492	5033771	Peak_3436
#Deleted in new
chr11	102120008	102120371	Peak_3439
#Deleted in new
chr11	117071407	117071776	Peak_3440
#Deleted in new
chr12	25852808	25853130	Peak_3445
#Deleted in new
chr12	32447884	32448215	Peak_3446
#Deleted in new
chr14	75301789	75302084	Peak_3450
#Deleted in new
chr15	57307669	57307947	Peak_3451
#Partially deleted in new
chr15	71338896	71339278	Peak_3452
#Deleted in new
chr7	116470622	116470922	Peak_3470
#Deleted in new
chr7	65946999	65947299	Peak_3472
#Deleted in new
chr8	143833187	143833441	Peak_3483
#Deleted in new
chr10	46539836	46540230	Peak_3489
#Deleted in new
chr3	30721094	30721446	Peak_3494
#Deleted in new
chr3	156601598	156601983	Peak_3504
#Deleted in new
chr5	149562707	149563058	Peak_3509
#Deleted in new
chr2	140650835	140651124	Peak_3515
#Deleted in new
chr17	57215375	57215678	Peak_3520
#Deleted in new
chr9	134374990	134375312	Peak_3523
#Deleted in new
chr3	117150794	117151130	Peak_3527
#Deleted in new
chr3	126284384	126284805	Peak_3528
#Deleted in new
chr3	45618131	45618419	Peak_3529
#Deleted in new
chr2	138060187	138060489	Peak_3537
#Deleted in new
chr10	5003959	5004233	Peak_3539
#Deleted in new
chr17	40903142	40903531	Peak_3552
#Deleted in new
chr20	41008345	41008668	Peak_3554
#Deleted in new
chr2	61419787	61420053	Peak_3555
#Deleted in new
chr10	35267559	35267977	Peak_3559
#Deleted in new
chr10	93954913	93955218	Peak_3560
#Deleted in new
chr1	198462582	198463003	Peak_3563
#Deleted in new
chr18	23115752	23116013	Peak_3568
#Deleted in new
chr3	44886616	44887182	Peak_3575
#Deleted in new
chr7	76300186	76300561	Peak_3582
#Deleted in new
chr8	42720463	42720885	Peak_3583
#Deleted in new
chr9	83986729	83986996	Peak_3585
#Deleted in new
chr14	35198134	35198401	Peak_3592
#Deleted in new
chr8	53978404	53978746	Peak_3593
#Deleted in new
chr20	47274423	47274764	Peak_3596
#Deleted in new
chr8	25073539	25073852	Peak_3597
#Deleted in new
chr20	38198496	38198784	Peak_3599
#Deleted in new
chr2	46866914	46867246	Peak_3600
#Deleted in new
chr3	10205407	10205875	Peak_3601
#Deleted in new
chr3	45647127	45647419	Peak_3602
#Deleted in new
chr2	226524604	226524872	Peak_3610
#Deleted in new
chr4	154579774	154580177	Peak_3615
#Deleted in new
chr2	230640582	230640930	Peak_3620
#Deleted in new
chr9	86369245	86369569	Peak_3624
#Deleted in new
chr22	27457021	27457388	Peak_3628
#Deleted in new
chr5	13640282	13640563	Peak_3630
#Deleted in new
chr15	67886804	67887118	Peak_3635
#Deleted in new
chr16	14450695	14451000	Peak_3636
#Deleted in new
chr2	226756164	226756427	Peak_3637
#Deleted in new
chr11	130637025	130637427	Peak_3646
#Deleted in new
chr1	183085182	183085483	Peak_3647
#Deleted in new
chr11	62587808	62588171	Peak_3655
#Deleted in new
chr16	71709080	71709329	Peak_3662
#Deleted in new
chr21	39681901	39682183	Peak_3665
#Deleted in new
chr2	215793978	215794315	Peak_3666
#Deleted in new
chr9	108477493	108477870	Peak_3671
#Deleted in new
chr14	35353861	35354147	Peak_3673
#Deleted in new
chr2	10406051	10406494	Peak_3677
#Deleted in new
chr12	111248216	111248569	Peak_3681
#Deleted in new
chr21	41653960	41654322	Peak_3687
#Deleted in new
chr5	157768238	157768524	Peak_3690
#Duplicated in new
chr5	179527117	179527454	Peak_3692
#Deleted in new
chr6	147162067	147162357	Peak_3693
#Deleted in new
chrX	123590989	123591396	Peak_3696
#Deleted in new
chr2	187924356	187924641	Peak_3701
#Deleted in new
chr15	67935430	67935719	Peak_3704
#Deleted in new
chr12	46549806	46550083	Peak_3707
#Deleted in new
chr7	68691944	68692278	Peak_3710
#Deleted in new
chr11	59706908	59707218	Peak_3711
#Deleted in new
chr9	88776774	88777083	Peak_3716
#Deleted in new
chr4	74631492	74631753	Peak_3718
#Deleted in new
chr10	5093214	5093585	Peak_3721
#Deleted in new
chr14	80425726	80426017	Peak_3728
#Deleted in new
chr16	77298700	77299009	Peak_3729
#Deleted in new
chr20	50137855	50138132	Peak_3730
#Deleted in new
chr9	87375709	87375973	Peak_3736
#Deleted in new
chr1	219659512	219660015	Peak_3738
#Deleted in new
chr7	54985411	54985801	Peak_3740
#Deleted in new
chr2	102027508	102027819	Peak_3742
#Deleted in new
chr10	6299306	6299649	Peak_3743
#Deleted in new
chr10	80506191	80506500	Peak_3744
#Deleted in new
chr7	54831881	54832168	Peak_3751
#Deleted in new
chr19	32373075	32373482	Peak_3753
#Deleted in new
chr15	51108888	51109144	Peak_3755
#Deleted in new
chr2	133201100	133201462	Peak_3756
#Deleted in new
chr18	12606151	12606398	Peak_3774
#Deleted in new
chr14	58738206	58738530	Peak_3779
#Deleted in new
chr18	7414506	7414794	Peak_3782
#Deleted in new
chr3	177816735	177816987	Peak_3784
#Deleted in new
chr5	14627986	14628348	Peak_3788
#Deleted in new
chr2	33411756	33412109	Peak_3799
#Deleted in new
chr2	54038921	54039166	Peak_3800
#Deleted in new
chr9	110560099	110560365	Peak_3806
#Partially deleted in new
chr9	6664550	6665048	Peak_3809
#Deleted in new
chr5	58090678	58090957	Peak_3810
#Deleted in new
chr15	29671025	29671311	Peak_3811
#Deleted in new
chr2	38215992	38216296	Peak_3812
#Deleted in new
chr7	96548702	96549004	Peak_3816
#Partially deleted in new
chr9	19192449	19192721	Peak_3817
#Deleted in new
chr5	77103510	77103755	Peak_3819
#Deleted in new
chr8	144160226	144160474	Peak_3828
#Deleted in new
chr8	86414484	86414730	Peak_3829
#Deleted in new
chr11	94449538	94449795	Peak_3833
#Deleted in new
chr1	108583794	108584054	Peak_3838
#Deleted in new
chr1	65153682	65153946	Peak_3843
#Deleted in new
chr18	40868154	40868786	Peak_3844
#Partially deleted in new
chr4	183260551	183260847	Peak_3845
#Deleted in new
chr5	168624898	168625363	Peak_3847
#Deleted in new
chr15	50134649	50135016	Peak_3853
#Deleted in new
chr19	42831394	42831645	Peak_3854
#Deleted in new
chr3	31272370	31272669	Peak_3860
#Deleted in new
chr4	41319619	41319874	Peak_3861
#Deleted in new
chr6	36644635	36644906	Peak_3862
#Partially deleted in new
chr14	96249117	96249415	Peak_3863
#Deleted in new
chr16	8878510	8878863	Peak_3864
#Deleted in new
chr18	59008310	59008579	Peak_3865
#Deleted in new
chr4	186829865	186830112	Peak_3867
#Deleted in new
chr1	24683661	24683931	Peak_3870
#Deleted in new
chr4	11611911	11612183	Peak_3872
#Deleted in new
chr13	67119632	67119900	Peak_3880
#Deleted in new
chr17	77124395	77124666	Peak_3881
#Deleted in new
chr20	14991084	14991360	Peak_3882
#Deleted in new
chr2	227267469	227268057	Peak_3889
#Deleted in new
chr9	127388320	127388648	Peak_3891
#Deleted in new
chr17	46109688	46110017	Peak_3895
#Deleted in new
chr15	69616657	69616935	Peak_3897
#Deleted in new
chr18	76845164	76845430	Peak_3899
#Deleted in new
chr19	624028	624292	Peak_3900
#Deleted in new
chr21	42209966	42210347	Peak_3901
#Deleted in new
chr3	41688517	41688809	Peak_3902
#Deleted in new
chr6	165178113	165178358	Peak_3907
#Deleted in new
chr17	14745076	14745415	Peak_3909
#Deleted in new
chr8	68854464	68854817	Peak_3910
#Deleted in new
chr2	235333026	235333585	Peak_3919
#Deleted in new
chr7	22859889	22860199	Peak_3921
#Deleted in new
chr12	125079956	125080323	Peak_3922
#Deleted in new
chr19	48553882	48554439	Peak_3924
#Deleted in new
chr1	202058144	202058672	Peak_3926
#Deleted in new
chr1	233113368	233113817	Peak_3927
#Deleted in new
chr9	95017209	95017470	Peak_3932
#Deleted in new
chr2	69299909	69300204	Peak_3935
#Deleted in new
chr19	40962488	40962901	Peak_3938
#Partially deleted in new
chr8	47731468	47731714	Peak_3939
#Deleted in new
chr16	14636723	14637102	Peak_3940
#Deleted in new
chr19	15297323	15297747	Peak_3941
#Deleted in new
chr3	44884129	44884411	Peak_3943
#Deleted in new
chr18	24076340	24076585	Peak_3947
#Deleted in new
chr1	234140141	234140451	Peak_3953
#Deleted in new
chr13	109396309	109396600	Peak_3954
#Deleted in new
chr13	44919488	44919825	Peak_3955
#Deleted in new
chr5	59065594	59065869	Peak_3964
#Deleted in new
chr7	73612728	73613033	Peak_3966
#Deleted in new
chr7	99208179	99208431	Peak_3967
#Deleted in new
chr8	131924499	131924771	Peak_3968
#Deleted in new
chr8	19765413	19765690	Peak_3969
#Deleted in new
chr8	23751317	23751636	Peak_3970
#Deleted in new
chr2	235026187	235026435	Peak_3972
#Deleted in new
chr1	209532950	209533251	Peak_3977
#Deleted in new
chr2	108975900	108976158	Peak_3986
#Deleted in new
chr5	80181764	80182075	Peak_3988
#Deleted in new
chr10	5297435	5297802	Peak_3991
#Deleted in new
chr22	38178056	38178321	Peak_3999
#Deleted in new
chr5	173802747	173803008	Peak_4005
#Deleted in new
chr2	54532571	54532893	Peak_4009
#Deleted in new
chr1	172895849	172896138	Peak_4014
#Partially deleted in new
chr1	20847586	20847875	Peak_4015
#Deleted in new
chr12	113413678	113413937	Peak_4016
#Deleted in new
chr6	110749204	110749488	Peak_4026
#Deleted in new
chr18	7941493	7941868	Peak_4030
#Deleted in new
chr4	25813673	25813987	Peak_4032
#Deleted in new
chr12	112932908	112933254	Peak_4033
#Deleted in new
chr10	67815577	67815839	Peak_4034
#Deleted in new
chr17	15920753	15921106	Peak_4036
#Deleted in new
chr12	19620112	19620384	Peak_4043
#Deleted in new
chr9	27200085	27200336	Peak_4052
#Deleted in new
chr9	88775606	88775895	Peak_4054
#Deleted in new
chr13	32852694	32852952	Peak_4068
#Deleted in new
chr13	89514553	89514982	Peak_4070
#Deleted in new
chr5	119441761	119442041	Peak_4074
#Deleted in new
chrX	87409477	87409755	Peak_4077
#Deleted in new
chr15	85551485	85551789	Peak_4078
#Deleted in new
chr9	83934623	83934918	Peak_4083
#Deleted in new
chr11	122677185	122677503	Peak_4084
#Deleted in new
chr20	49420432	49420677	Peak_4087
#Deleted in new
chr6	11399041	11399320	Peak_4090
#Deleted in new
chr8	18753736	18754042	Peak_4091
#Deleted in new
chr1	193707319	193707648	Peak_4093
#Deleted in new
chr17	4161277	4161545	Peak_4096
#Deleted in new
chr2	140648321	140648617	Peak_4100
#Deleted in new
chr1	15356889	15357258	Peak_4102
#Deleted in new
chr1	15795197	15795465	Peak_4103
#Deleted in new
chr14	67763413	67763684	Peak_4104
#Deleted in new
chr1	91673632	91673904	Peak_4105
#Deleted in new
chr2	130864811	130865100	Peak_4106
#Deleted in new
chr3	30227905	30228263	Peak_4109
#Deleted in new
chr16	8871060	8871354	Peak_4112
#Deleted in new
chr10	75245662	75245960	Peak_4116
#Deleted in new
chr10	95728590	95728931	Peak_4118
#Deleted in new
chr1	100947170	100947436	Peak_4119
#Deleted in new
chr1	79859565	79859865	Peak_4127
#Deleted in new
chr1	80392537	80392842	Peak_4128
#Partially deleted in new
chr19	872495	872844	Peak_4131
#Deleted in new
chr21	41684491	41684778	Peak_4132
#Deleted in new
chr22	42742173	42742462	Peak_4135
#Deleted in new
chr3	44892693	44892981	Peak_4137
#Deleted in new
chr3	57450814	57451167	Peak_4138
#Deleted in new
chr4	11598719	11598990	Peak_4139
#Deleted in new
chr4	75834876	75835125	Peak_4142
#Deleted in new
chr6	20542885	20543194	Peak_4143
#Deleted in new
chr6	52931362	52931642	Peak_4145
#Deleted in new
chr6	95244831	95245079	Peak_4147
#Deleted in new
chr7	138055161	138055427	Peak_4148
#Deleted in new
chr9	39582856	39583325	Peak_4149
#Deleted in new
chr19	39696491	39696741	Peak_4150
#Deleted in new
chr8	121776424	121776689	Peak_4153
#Deleted in new
chr18	60024343	60024640	Peak_4155
#Deleted in new
chr13	51523071	51523316	Peak_4160
#Deleted in new
chr4	153398735	153399123	Peak_4167
#Deleted in new
chr6	134663752	134664056	Peak_4169
#Deleted in new
chr14	74566517	74567147	Peak_4174
#Deleted in new
chr22	28547480	28547751	Peak_4175
#Deleted in new
chr2	48345275	48345567	Peak_4178
#Deleted in new
chr3	47964671	47964968	Peak_4180
#Deleted in new
chr19	18365075	18365370	Peak_4192
#Deleted in new
chr4	128529201	128529492	Peak_4196
#Deleted in new
chr4	76706620	76706873	Peak_4197
#Deleted in new
chr12	110934523	110934814	Peak_4204
#Deleted in new
chr6	155016048	155016397	Peak_4207
#Deleted in new
chr17	78421587	78421837	Peak_4209
#Deleted in new
chr2	187547463	187547733	Peak_4211
#Deleted in new
chrX	103385493	103385776	Peak_4214
#Deleted in new
chr16	13958590	13958902	Peak_4221
#Deleted in new
chr11	102120516	102120817	Peak_4225
#Deleted in new
chr17	20059868	20060116	Peak_4235
#Deleted in new
chr19	11152700	11153035	Peak_4236
#Deleted in new
chr21	34768611	34768916	Peak_4238
#Deleted in new
chr2	150495988	150496282	Peak_4239
#Deleted in new
chr2	9760466	9760763	Peak_4241
#Deleted in new
chr3	107217330	107217584	Peak_4242
#Deleted in new
chr3	47455747	47456107	Peak_4248
#Deleted in new
chr4	5038173	5038471	Peak_4249
#Deleted in new
chr4	73740357	73740822	Peak_4250
#Deleted in new
chr6	3592418	3592739	Peak_4257
#Deleted in new
chr7	43765055	43765307	Peak_4262
#Deleted in new
chrX	2183410	2183821	Peak_4268
#Deleted in new
chr12	123019084	123019376	Peak_4271
#Deleted in new
chr12	19971453	19971779	Peak_4272
#Deleted in new
chr21	29217851	29218096	Peak_4277
#Deleted in new
chr2	180787422	180787966	Peak_4278
#Deleted in new
chr3	141338834	141339122	Peak_4280
#Deleted in new
chrX	2174674	2174999	Peak_4285
#Deleted in new
chr12	122406016	122406341	Peak_4287
#Deleted in new
chr14	70755076	70755321	Peak_4290
#Deleted in new
chr22	48405753	48406050	Peak_4296
#Deleted in new
chr8	93666258	93666548	Peak_4298
#Deleted in new
chrX	154047109	154047427	Peak_4299
#Deleted in new
chr8	23593373	23593624	Peak_4312
#Deleted in new
chr12	93954478	93954889	Peak_4313
#Deleted in new
chr16	85055402	85055676	Peak_4314
#Deleted in new
chr14	35390890	35391198	Peak_4322
#Deleted in new
chr5	149605906	149606224	Peak_4326
#Partially deleted in new
chr9	38682735	38683022	Peak_4328
#Deleted in new
chr8	128167473	128167721	Peak_4333
#Deleted in new
chr8	22982547	22982840	Peak_4338
#Deleted in new
chr2	154133923	154134220	Peak_4344
#Deleted in new
chr7	73613658	73613943	Peak_4347
#Deleted in new
chr10	52518691	52518996	Peak_4353
#Deleted in new
chr14	31165810	31166060	Peak_4355
#Deleted in new
chr5	154285782	154286056	Peak_4357
#Deleted in new
chr1	91801616	91802055	Peak_4361
#Deleted in new
chr3	23036165	23036416	Peak_4367
#Deleted in new
chr17	7264509	7264857	Peak_4371
#Deleted in new
chr19	51362801	51363051	Peak_4372
#Deleted in new
chr18	9825573	9825872	Peak_4376
#Deleted in new
chr2	113159011	113159391	Peak_4377
#Deleted in new
chr13	46530374	46530749	Peak_4382
#Deleted in new
chr3	45818013	45818311	Peak_4387
#Deleted in new
chr10	46523475	46523762	Peak_4389
#Deleted in new
chr13	77113397	77113773	Peak_4406
#Deleted in new
chr20	33192189	33192444	Peak_4408
#Deleted in new
chr21	34771578	34771840	Peak_4409
#Deleted in new
chr21	44005640	44005905	Peak_4411
#Deleted in new
chr4	124437929	124438240	Peak_4413
#Deleted in new
chrX	141405849	141406385	Peak_4418
#Deleted in new
chr9	83048165	83048423	Peak_4421
#Deleted in new
chr16	86709235	86709489	Peak_4432
#Deleted in new
chr19	18000981	18001249	Peak_4435
#Deleted in new
chr6	45283893	45284138	Peak_4439
#Deleted in new
chr11	66119550	66119949	Peak_4447
#Deleted in new
chr11	66373287	66373553	Peak_4452
#Deleted in new
chr13	109998804	109999098	Peak_4455
#Deleted in new
chr4	74618771	74619087	Peak_4458
#Deleted in new
chr10	11825754	11826049	Peak_4460
#Deleted in new
chr10	8366174	8366655	Peak_4461
#Deleted in new
chr11	17034696	17034947	Peak_4464
#Deleted in new
chr12	43277834	43278232	Peak_4467
#Deleted in new
chr1	51306920	51307210	Peak_4468
#Deleted in new
chr16	46876670	46876918	Peak_4469
#Deleted in new
chr4	86921653	86921955	Peak_4478
#Deleted in new
chr9	12785288	12785550	Peak_4482
#Deleted in new
chr1	218209405	218209778	Peak_4484
#Deleted in new
chr2	203451039	203451379	Peak_4485
#Deleted in new
chr5	168647127	168647411	Peak_4486
#Deleted in new
chr12	10439745	10439993	Peak_4493
#Deleted in new
chr1	21261895	21262142	Peak_4494
#Deleted in new
chr13	24512143	24512408	Peak_4495
#Deleted in new
chr17	81043911	81044170	Peak_4503
#Deleted in new
chr18	7479808	7480056	Peak_4505
#Deleted in new
chr19	2528772	2529063	Peak_4506
#Deleted in new
chr19	46030612	46030960	Peak_4507
#Deleted in new
chr19	8638268	8638654	Peak_4508
#Deleted in new
chr20	49775366	49775611	Peak_4509
#Deleted in new
chr2	219578905	219579478	Peak_4510
#Deleted in new
chr4	123064527	123064773	Peak_4513
#Deleted in new
chr5	154368101	154368347	Peak_4516
#Deleted in new
chr7	99201055	99201345	Peak_4522
#Deleted in new
chr9	88950491	88950744	Peak_4526
#Deleted in new
chrX	134512654	134512899	Peak_4528
#Deleted in new
chr8	120435343	120435595	Peak_4534
#Deleted in new
chr1	26990638	26990945	Peak_4538
#Deleted in new
chr2	72367812	72368058	Peak_4545
#Deleted in new
chr6	11318421	11318666	Peak_4548
#Partially deleted in new
chr8	107508954	107509257	Peak_4549
#Deleted in new
chr8	125558423	125558668	Peak_4550
#Deleted in new
chr8	132891865	132892110	Peak_4556
#Deleted in new
chr7	102009631	102009932	Peak_4558
#Deleted in new
chr2	85939194	85939441	Peak_4560
#Deleted in new
chr1	232511269	232511524	Peak_4563
#Deleted in new
chr17	77508477	77508745	Peak_4564
#Deleted in new
chrX	19710186	19710495	Peak_4570
#Deleted in new
chr15	53630718	53630971	Peak_4572
#Deleted in new
chr3	110384650	110384895	Peak_4573
#Deleted in new
chr16	19123648	19123911	Peak_4575
#Deleted in new
chr19	54008628	54008925	Peak_4577
#Deleted in new
chr12	115828249	115828544	Peak_4581
#Deleted in new
chr9	73050908	73051153	Peak_4584
#Deleted in new
chr12	124755298	124755543	Peak_4589
#Partially deleted in new
chr12	672932	673240	Peak_4590
#Deleted in new
chr13	95297722	95298004	Peak_4592
#Deleted in new
chr14	92503138	92503408	Peak_4593
#Deleted in new
chr18	11949038	11949318	Peak_4594
#Deleted in new
chr2	227671680	227671935	Peak_4596
#Deleted in new
chr22	35589162	35589456	Peak_4597
#Deleted in new
chr22	48406524	48406776	Peak_4598
#Deleted in new
chr12	20885193	20885438	Peak_4604
#Deleted in new
chr2	161228873	161229154	Peak_4607
#Deleted in new
chr7	22673472	22673741	Peak_4611
#Deleted in new
chr8	127845601	127845877	Peak_4612
#Deleted in new
chr8	17700751	17701005	Peak_4613
#Deleted in new
chr8	72107479	72107734	Peak_4614
#Deleted in new
chr9	88453121	88453452	Peak_4617
#Deleted in new
chr12	41151816	41152085	Peak_4619
#Deleted in new
chr20	10369751	10370243	Peak_4622
#Deleted in new
chr5	72837626	72837883	Peak_4625
#Deleted in new
chr15	100723432	100723797	Peak_4631
#Deleted in new
chr5	79499611	79499896	Peak_4636
#Deleted in new
chr7	25568419	25568777	Peak_4638
#Deleted in new
chr11	27995192	27995460	Peak_4648
#Deleted in new
chr2	85935783	85936165	Peak_4650
#Deleted in new
chr10	7466131	7466438	Peak_4655
#Deleted in new
chr6	44452822	44453091	Peak_4658
#Deleted in new
chr12	22149351	22149652	Peak_4665
#Deleted in new
chr14	100747136	100747381	Peak_4667
#Deleted in new
chr18	10304939	10305218	Peak_4670
#Deleted in new
chr18	77071866	77072111	Peak_4671
#Deleted in new
chr18	9782409	9782670	Peak_4672
#Partially deleted in new
chr1	94753310	94753558	Peak_4673
#Deleted in new
chr20	43821835	43822099	Peak_4674
#Deleted in new
chr21	36883890	36884135	Peak_4675
#Deleted in new
chr3	37199107	37199355	Peak_4680
#Deleted in new
chr4	83584803	83585079	Peak_4684
#Deleted in new
chr7	36023057	36023304	Peak_4690
#Deleted in new
chrX	2572859	2573137	Peak_4692
#Deleted in new
chr12	115858033	115858278	Peak_4693
#Deleted in new
chr12	27176877	27177133	Peak_4699
#Deleted in new
chr1	8197881	8198151	Peak_4704
#Deleted in new
chr19	38731286	38731531	Peak_4705
#Deleted in new
chr2	65386437	65386690	Peak_4708
#Deleted in new
chr5	148979003	148979315	Peak_4711
#Deleted in new
chr5	32201199	32201526	Peak_4712
#Deleted in new
chr5	55797108	55797400	Peak_4713
#Deleted in new
chr7	76106259	76106537	Peak_4714
#Deleted in new
chr8	11489624	11489947	Peak_4716
#Deleted in new
chr12	107488715	107489018	Peak_4718
#Deleted in new
chr3	81764720	81765012	Peak_4719
#Deleted in new
chr5	149482850	149483210	Peak_4726
#Deleted in new
chr2	47288937	47289190	Peak_4729
#Deleted in new
chr7	142556785	142557040	Peak_4731
#Deleted in new
chr6	135722180	135722426	Peak_4737
#Deleted in new
chr10	45160291	45160583	Peak_4739
#Deleted in new
chr2	193824448	193824760	Peak_4748
#Deleted in new
chr3	127536258	127536635	Peak_4751
#Deleted in new
chr4	7585674	7585989	Peak_4753
#Deleted in new
chr10	60008757	60009021	Peak_4758
#Deleted in new
chr1	116109698	116109957	Peak_4760
#Deleted in new
chr14	55832096	55832530	Peak_4764
#Deleted in new
chr19	35353846	35354091	Peak_4766
#Partially deleted in new
chr2	71889902	71890542	Peak_4768
#Deleted in new
chr8	89961420	89961707	Peak_4772
#Deleted in new
chr1	241688862	241689108	Peak_4773
#Deleted in new
chr12	124609062	124609444	Peak_4777
#Deleted in new
chr3	42130354	42130628	Peak_4778
#Deleted in new
chr7	38704074	38704638	Peak_4779
#Deleted in new
chr17	65785177	65785422	Peak_4788
#Deleted in new
chr7	150874458	150874705	Peak_4791
#Deleted in new
chr20	38555003	38555372	Peak_4797
#Deleted in new
chr12	92971898	92972146	Peak_4799
#Deleted in new
chr20	11453546	11453809	Peak_4801
#Deleted in new
chr16	86946413	86946701	Peak_4805
#Deleted in new
chr3	146313586	146313871	Peak_4807
#Deleted in new
chr16	66408707	66409065	Peak_4819
#Deleted in new
chr20	43939310	43939640	Peak_4821
#Deleted in new
chr2	197287005	197287645	Peak_4824
#Deleted in new
chr2	26772420	26772665	Peak_4827
#Deleted in new
chr1	188237626	188237883	Peak_4841
#Deleted in new
chr5	150567272	150567552	Peak_4844
#Deleted in new
chr7	102121552	102121803	Peak_4845
#Deleted in new
chr13	109265034	109265295	Peak_4858
#Deleted in new
chr6	75456254	75456527	Peak_4859
#Deleted in new
chr7	36303341	36303704	Peak_4863
#Deleted in new
chr7	95435257	95435517	Peak_4864
#Deleted in new
chr13	109586762	109587188	Peak_4867
#Deleted in new
chr15	55387056	55387307	Peak_4868
#Deleted in new
chr2	72815765	72816102	Peak_4870
#Deleted in new
chr3	195716204	195716481	Peak_4871
#Deleted in new
chr7	135441941	135442209	Peak_4874
#Deleted in new
chr1	145972632	145972922	Peak_4875
#Deleted in new
chr1	17475906	17476225	Peak_4877
#Deleted in new
chr17	15959191	15959436	Peak_4882
#Deleted in new
chr5	17304335	17304608	Peak_4888
#Deleted in new
chr7	17844874	17845199	Peak_4891
#Deleted in new
chr15	76177393	76177638	Peak_4894
#Deleted in new
chr17	66509575	66509828	Peak_4898
#Deleted in new
chr12	50786964	50787209	Peak_4900
#Deleted in new
chr2	11315150	11315395	Peak_4914
#Deleted in new
chr16	66508272	66508554	Peak_4921
#Deleted in new
chr1	235920053	235920351	Peak_4927
#Deleted in new
chr16	88304421	88304829	Peak_4928
#Deleted in new
chr2	200564197	200564479	Peak_4931
#Deleted in new
chr6	24803101	24803664	Peak_4932
#Deleted in new
chr6	26296889	26297175	Peak_4933
#Deleted in new
chr21	35924711	35925017	Peak_4938
#Deleted in new
chr6	3919153	3919438	Peak_4940
#Deleted in new
chr1	185585879	185586129	Peak_4949
#Deleted in new
chr12	16030854	16031113	Peak_4950
#Deleted in new
chr16	85000512	85000808	Peak_4954
#Deleted in new
chr20	5760834	5761132	Peak_4955
#Deleted in new
chr7	157271881	157272237	Peak_4959
#Deleted in new
chr12	25347977	25348275	Peak_4964
#Deleted in new
chr3	23288299	23288545	Peak_4965
#Deleted in new
chr2	57161089	57161361	Peak_4967
#Deleted in new
chr9	35423461	35423706	Peak_4973
#Deleted in new
chr15	45387349	45387654	Peak_4976
#Deleted in new
chr3	14879784	14880029	Peak_4979
#Deleted in new
chr3	189383808	189384053	Peak_4981
#Deleted in new
chr4	184896991	184897236	Peak_4982
#Deleted in new
chr6	14927564	14927810	Peak_4983
#Deleted in new
chr6	48567242	48567514	Peak_4984
#Deleted in new
chr10	67803693	67803938	Peak_4991
#Deleted in new
chr19	5773741	5774027	Peak_5000
#Deleted in new
chr3	172167901	172168179	Peak_5014
#Deleted in new
chr15	68042193	68042757	Peak_5015
#Deleted in new
chr12	110545373	110545646	Peak_5017
#Deleted in new
chr15	32824778	32825023	Peak_5019
#Deleted in new
chr8	22358784	22359043	Peak_5026
#Partially deleted in new
chr8	93935986	93936278	Peak_5028
#Deleted in new
chr18	9905732	9905977	Peak_5032
#Deleted in new
chr20	3307751	3308015	Peak_5038
#Deleted in new
chr10	67818389	67818686	Peak_5039
#Deleted in new
chr7	44867431	44867756	Peak_5043
#Deleted in new
chr7	99729476	99729763	Peak_5047
#Deleted in new
chr10	30557951	30558196	Peak_5048
#Deleted in new
chr11	130636718	130636972	Peak_5050
#Deleted in new
chr12	21644989	21645234	Peak_5052
#Deleted in new
chr12	75952029	75952287	Peak_5053
#Deleted in new
chr1	75965101	75965368	Peak_5059
#Deleted in new
chr20	38460219	38460531	Peak_5060
#Deleted in new
chr21	43639764	43640048	Peak_5061
#Deleted in new
chr22	22691786	22692081	Peak_5062
#Deleted in new
chr3	17639601	17639846	Peak_5066
#Deleted in new
chr3	177807173	177807443	Peak_5067
#Deleted in new
chr7	6283479	6283747	Peak_5070
#Deleted in new
chr9	115939231	115939564	Peak_5071
#Deleted in new
chr12	124924214	124924539	Peak_5078
#Deleted in new
chr15	100350651	100350959	Peak_5082
#Deleted in new
chr5	172782709	172783007	Peak_5086
#Deleted in new
chr1	228853738	228853983	Peak_5088
#Deleted in new
chr17	79433272	79433631	Peak_5089
#Deleted in new
chr2	237092085	237092373	Peak_5091
#Deleted in new
chr11	17020753	17021033	Peak_5094
#Deleted in new
chr13	95277593	95277841	Peak_5098
#Deleted in new
chr1	4380742	4381045	Peak_5099
#Deleted in new
chr1	75964471	75964725	Peak_5101
#Deleted in new
chr19	2579018	2579529	Peak_5104
#Deleted in new
chr5	154288861	154289226	Peak_5111
#Deleted in new
chr7	118057520	118057808	Peak_5112
#Deleted in new
chr20	49772355	49772600	Peak_5116
#Deleted in new
chr10	119284946	119285203	Peak_5117
#Deleted in new
chr2	119649528	119649849	Peak_5121
#Deleted in new
chrX	47514683	47514934	Peak_5124
#Deleted in new
chr10	72263662	72263913	Peak_5125
#Deleted in new
chr11	28859356	28859601	Peak_5126
#Partially deleted in new
chr12	112839356	112839626	Peak_5127
#Deleted in new
chr1	222777996	222778345	Peak_5128
#Deleted in new
chr22	48370159	48370574	Peak_5131
#Deleted in new
chr8	18911501	18911756	Peak_5139
#Deleted in new
chr5	1201947	1202237	Peak_5142
#Deleted in new
chr20	51687135	51687388	Peak_5145
#Deleted in new
chr15	85556576	85556856	Peak_5146
#Partially deleted in new
chr16	87779317	87779609	Peak_5148
#Deleted in new
chr11	34220038	34220376	Peak_5151
#Deleted in new
chr8	40208341	40208723	Peak_5152
#Deleted in new
chr8	53945518	53945763	Peak_5154
#Deleted in new
chr14	22614184	22614722	Peak_5159
#Deleted in new
chr2	108385756	108386001	Peak_5162
#Deleted in new
chr4	100018122	100018400	Peak_5164
#Deleted in new
chr9	83130618	83130915	Peak_5167
#Deleted in new
chr15	52011678	52011948	Peak_5168
#Deleted in new
chr1	13948931	13949258	Peak_5170
#Deleted in new
chr11	58880641	58880892	Peak_5171
#Deleted in new
chr13	109955761	109956029	Peak_5173
#Deleted in new
chr16	4669444	4669689	Peak_5176
#Deleted in new
chr16	9365392	9365642	Peak_5177
#Deleted in new
chr3	45897136	45897514	Peak_5182
#Deleted in new
chr4	9990350	9990595	Peak_5188
#Deleted in new
chr5	1416552	1416816	Peak_5189
#Deleted in new
chr6	10505663	10505933	Peak_5192
#Deleted in new
chr6	166472129	166472374	Peak_5193
#Deleted in new
chrX	43805875	43806213	Peak_5195
#Deleted in new
chr8	127877951	127878204	Peak_5202
#Deleted in new
chr5	5481735	5481988	Peak_5205
#Deleted in new
chr12	50326735	50327040	Peak_5208
#Deleted in new
chr15	82742312	82742575	Peak_5213
#Deleted in new
chr5	30099675	30099920	Peak_5217
#Deleted in new
chr3	41683769	41684048	Peak_5218
#Deleted in new
chr20	43870384	43870752	Peak_5224
#Deleted in new
chr14	79369690	79369981	Peak_5231
#Deleted in new
chr20	44465306	44465551	Peak_5232
#Deleted in new
chr12	39237079	39237503	Peak_5244
#Deleted in new
chr18	3618221	3618468	Peak_5245
#Deleted in new
chr12	116112625	116112877	Peak_5249
#Partially deleted in new
chr20	35215270	35215565	Peak_5252
#Deleted in new
chr20	47457330	47457575	Peak_5262
#Deleted in new
chr7	47791828	47792073	Peak_5266
#Deleted in new
chr12	132493643	132493888	Peak_5270
#Deleted in new
chr14	32507688	32507933	Peak_5272
#Deleted in new
chr16	84742706	84743007	Peak_5276
#Deleted in new
chr17	12115097	12115342	Peak_5277
#Deleted in new
chr18	21391060	21391305	Peak_5278
#Deleted in new
chr4	156774593	156774899	Peak_5283
#Deleted in new
chr5	10456812	10457064	Peak_5285
#Deleted in new
chr6	125789303	125789571	Peak_5287
#Deleted in new
chr7	99793438	99793691	Peak_5291
#Deleted in new
chr8	25253859	25254210	Peak_5293
#Deleted in new
chr8	27956233	27956551	Peak_5294
#Deleted in new
chr9	115367918	115368163	Peak_5296
#Deleted in new
chr9	78923975	78924281	Peak_5298
#Deleted in new
chr7	43674641	43674886	Peak_5302
#Deleted in new
chr17	30695133	30695596	Peak_5306
#Deleted in new
chr5	43428079	43428324	Peak_5310
#Duplicated in new
chr12	87820883	87821137	Peak_5311
#Deleted in new
chr17	70687658	70687903	Peak_5312
#Deleted in new
chr2	19911848	19912120	Peak_5313
#Deleted in new
chr20	5073094	5073465	Peak_5320
#Deleted in new
chr7	19970220	19970481	Peak_5321
#Deleted in new
chr10	102302662	102302976	Peak_5323
#Deleted in new
chr10	50572913	50573170	Peak_5324
#Deleted in new
chr16	48480103	48480348	Peak_5325
#Deleted in new
chr2	220993060	220993312	Peak_5327
#Deleted in new
chr22	22702211	22702490	Peak_5328
#Deleted in new
chr5	172607259	172607587	Peak_5329
#Deleted in new
chr3	149298274	149298562	Peak_5331
#Deleted in new
chr9	42339836	42340165	Peak_5333
#Deleted in new
chr6	10441457	10441751	Peak_5335
#Deleted in new
chr19	14505944	14506189	Peak_5345
#Deleted in new
chr22	17786625	17786884	Peak_5346
#Deleted in new
chr4	168528374	168528702	Peak_5348
#Deleted in new
chr1	227282985	227283295	Peak_5352
#Deleted in new
chr20	22411868	22412133	Peak_5353
#Deleted in new
chr1	79323373	79323675	Peak_5357
#Deleted in new
chr20	44446148	44446429	Peak_5359
#Deleted in new
chr20	60078656	60078906	Peak_5360
#Deleted in new
chr14	103253709	103254030	Peak_5369
#Deleted in new
chr2	188656430	188656815	Peak_5375
#Deleted in new
chr3	58051262	58051507	Peak_5377
#Deleted in new
chr9	90925494	90925825	Peak_5380
#Deleted in new
chr16	89505453	89505752	Peak_5381
#Deleted in new
chr16	31118388	31118667	Peak_5389
#Deleted in new
chr22	45605388	45605633	Peak_5393
#Deleted in new
chr8	40350124	40350370	Peak_5396
#Deleted in new
chr7	68699082	68699441	Peak_5397
#Deleted in new
chr3	183745453	183745746	Peak_5403
#Deleted in new
chr19	18769380	18769625	Peak_5410
#Deleted in new
chr20	23296978	23297280	Peak_5412
#Deleted in new
chr6	150355116	150355455	Peak_5413
#Deleted in new
chr4	128560909	128561154	Peak_5420
#Deleted in new
chr5	156181529	156182108	Peak_5421
#Deleted in new
chr7	157380298	157380583	Peak_5422
#Deleted in new
chr20	49776124	49776386	Peak_5429
#Deleted in new
chr1	36248455	36248870	Peak_5433
#Partially deleted in new
chr20	59351240	59351706	Peak_5438
#Deleted in new
chr6	150269656	150269903	Peak_5443
#Deleted in new
chr8	17540233	17540491	Peak_5447
#Deleted in new
chr13	43058310	43058614	Peak_5460
#Deleted in new
chr1	46084542	46084836	Peak_5462
#Deleted in new
chr6	74774423	74774682	Peak_5465
#Deleted in new
chr2	61456348	61456593	Peak_5476
#Deleted in new
chr16	71505118	71505494	Peak_5480
#Deleted in new
chr13	85512532	85512777	Peak_5483
#Deleted in new
chr5	1516235	1516480	Peak_5487
#Deleted in new
chr15	31606295	31606601	Peak_5494
#Deleted in new
chr20	11387300	11387551	Peak_5497
